#
# There is insufficient memory for the Java Runtime Environment to continue.
# Native memory allocation (mmap) failed to map 2097152 bytes for Failed to commit area from 0x0000000095200000 to 0x0000000095400000 of length 2097152.
# Possible reasons:
#   The system is out of physical RAM or swap space
#   The process is running with CompressedOops enabled, and the Java Heap may be blocking the growth of the native heap
# Possible solutions:
#   Reduce memory load on the system
#   Increase physical memory or swap space
#   Check if swap backing store is full
#   Decrease Java heap size (-Xmx/-Xms)
#   Decrease number of Java threads
#   Decrease Java thread stack sizes (-Xss)
#   Set larger code cache with -XX:ReservedCodeCacheSize=
#   JVM is running with Unscaled Compressed Oops mode in which the Java heap is
#     placed in the first 4GB address space. The Java Heap base address is the
#     maximum limit for the native heap growth. Please use -XX:HeapBaseMinAddress
#     to set the Java Heap base and to place the Java Heap above 4GB virtual address.
# This output file may be truncated or incomplete.
#
#  Out of Memory Error (./src/hotspot/os/windows/os_windows.cpp:3521), pid=13060, tid=17156
#
# JRE version: OpenJDK Runtime Environment (11.0.12+7) (build 11.0.12+7-b1504.28-7817840)
# Java VM: OpenJDK 64-Bit Server VM (11.0.12+7-b1504.28-7817840, mixed mode, tiered, compressed oops, g1 gc, windows-amd64)
# No core dump will be written. Minidumps are not enabled by default on client versions of Windows
#

---------------  S U M M A R Y ------------

Command Line: --add-opens=java.base/java.util=ALL-UNNAMED --add-opens=java.base/java.lang=ALL-UNNAMED --add-opens=java.base/java.lang.invoke=ALL-UNNAMED --add-opens=java.base/java.util=ALL-UNNAMED --add-opens=java.prefs/java.util.prefs=ALL-UNNAMED --add-opens=java.prefs/java.util.prefs=ALL-UNNAMED --add-opens=java.base/java.nio.charset=ALL-UNNAMED --add-opens=java.base/java.net=ALL-UNNAMED --add-opens=java.base/java.util.concurrent.atomic=ALL-UNNAMED -Xmx2048m -Dfile.encoding=UTF-8 -Duser.country=MY -Duser.language=en -Duser.variant org.gradle.launcher.daemon.bootstrap.GradleDaemon 7.3.3

Host: Intel(R) Core(TM) i5-7200U CPU @ 2.50GHz, 4 cores, 11G,  Windows 10 , 64 bit Build 18362 (10.0.18362.1110)
Time: Mon Jul 11 12:22:47 2022 Malay Peninsula Standard Time elapsed time: 1332.596379 seconds (0d 0h 22m 12s)

---------------  T H R E A D  ---------------

Current thread (0x000001b87d8fb800):  JavaThread "ForkJoinPool.commonPool-worker-3" daemon [_thread_in_vm, id=17156, stack(0x0000001197e00000,0x0000001197f00000)]

Stack: [0x0000001197e00000,0x0000001197f00000]
Native frames: (J=compiled Java code, j=interpreted, Vv=VM code, C=native code)
V  [jvm.dll+0x5fbcea]
V  [jvm.dll+0x731905]
V  [jvm.dll+0x732f1d]
V  [jvm.dll+0x7335d3]
V  [jvm.dll+0x247bf8]
V  [jvm.dll+0x5f90b4]
V  [jvm.dll+0x5edc85]
V  [jvm.dll+0x305aeb]
V  [jvm.dll+0x305a5a]
V  [jvm.dll+0x305932]
V  [jvm.dll+0x30a896]
V  [jvm.dll+0x353803]
V  [jvm.dll+0x353f06]
V  [jvm.dll+0x353903]
V  [jvm.dll+0x2e0e55]
V  [jvm.dll+0x2dd252]
V  [jvm.dll+0x5943e2]
V  [jvm.dll+0x593c6c]
V  [jvm.dll+0x1ed8ad]
V  [jvm.dll+0x70eabf]
V  [jvm.dll+0x65d777]
C  0x000001b85d657ba9

Java frames: (J=compiled Java code, j=interpreted, Vv=VM code)
v  ~RuntimeStub::_new_array_Java
J 17776 c2 java.nio.ByteBuffer.allocate(I)Ljava/nio/ByteBuffer; java.base@11.0.12 (19 bytes) @ 0x000001b865b0e3bc [0x000001b865b0e1c0+0x00000000000001fc]
j  com.android.apksig.internal.apk.ApkSigningBlockUtils$ChunkSupplier.get()Lcom/android/apksig/internal/apk/ApkSigningBlockUtils$ChunkSupplier$Chunk;+99
j  com.android.apksig.internal.apk.ApkSigningBlockUtils$ChunkDigester.run()V+226
j  java.util.concurrent.ForkJoinTask$AdaptedRunnableAction.exec()Z+4 java.base@11.0.12
j  java.util.concurrent.ForkJoinTask.doExec()I+10 java.base@11.0.12
j  java.util.concurrent.ForkJoinPool$WorkQueue.topLevelExec(Ljava/util/concurrent/ForkJoinTask;Ljava/util/concurrent/ForkJoinPool$WorkQueue;I)V+12 java.base@11.0.12
j  java.util.concurrent.ForkJoinPool.scan(Ljava/util/concurrent/ForkJoinPool$WorkQueue;I)Z+182 java.base@11.0.12
j  java.util.concurrent.ForkJoinPool.runWorker(Ljava/util/concurrent/ForkJoinPool$WorkQueue;)V+25 java.base@11.0.12
j  java.util.concurrent.ForkJoinWorkerThread.run()V+24 java.base@11.0.12
v  ~StubRoutines::call_stub

---------------  P R O C E S S  ---------------

Threads class SMR info:
_java_thread_list=0x000001b876daaae0, length=88, elements={
0x000001b859aa6800, 0x000001b873edf000, 0x000001b873ee1000, 0x000001b873ee4800,
0x000001b873f36800, 0x000001b873f37800, 0x000001b873f3b000, 0x000001b873f3c800,
0x000001b873f4d800, 0x000001b8740af000, 0x000001b876285000, 0x000001b8747ff800,
0x000001b8758dd800, 0x000001b8758dc800, 0x000001b877f50000, 0x000001b877f51000,
0x000001b877f4f800, 0x000001b877f4b800, 0x000001b877f52800, 0x000001b877f4d800,
0x000001b877f56000, 0x000001b877f57800, 0x000001b877f59000, 0x000001b879d65800,
0x000001b879d66800, 0x000001b879d6f800, 0x000001b87d8fb800, 0x000001b87e2b4800,
0x000001b87e2b4000, 0x000001b87e2af000, 0x000001b87e2b2000, 0x000001b87e2b3000,
0x000001b87e2ae000, 0x000001b87e2b0800, 0x000001b87e2b5800, 0x000001b87e2af800,
0x000001b87e2b1800, 0x000001b87e2ba800, 0x000001b87e2b8000, 0x000001b87e2b9800,
0x000001b87e2bb000, 0x000001b87e2b7000, 0x000001b87e2bc000, 0x000001b87e2b8800,
0x000001b87e2b6800, 0x000001b87e2bd000, 0x000001b87d8fd800, 0x000001b87d8f9800,
0x000001b87d8fc000, 0x000001b87d8f8000, 0x000001b87d8fe800, 0x000001b87d8f9000,
0x000001b87d8ff800, 0x000001b87d8fd000, 0x000001b87d900000, 0x000001b87d8fa800,
0x000001b87d902800, 0x000001b87d903800, 0x000001b87d906800, 0x000001b87d904800,
0x000001b87d906000, 0x000001b87d901000, 0x000001b87d905000, 0x000001b87d902000,
0x000001b87995d800, 0x000001b87995c800, 0x000001b87995e000, 0x000001b879960800,
0x000001b87995f000, 0x000001b87995b000, 0x000001b879961800, 0x000001b87995c000,
0x000001b879962800, 0x000001b879963000, 0x000001b879964000, 0x000001b879966800,
0x000001b879965800, 0x000001b879969000, 0x000001b879969800, 0x000001b879967000,
0x000001b879965000, 0x000001b879d68000, 0x000001b879d62800, 0x000001b879d69000,
0x000001b879d63000, 0x000001b879d69800, 0x000001b879d64000, 0x000001b879d6a800
}

Java Threads: ( => current thread )
  0x000001b859aa6800 JavaThread "main" [_thread_blocked, id=20372, stack(0x0000001191400000,0x0000001191500000)]
  0x000001b873edf000 JavaThread "Reference Handler" daemon [_thread_blocked, id=20364, stack(0x0000001191b00000,0x0000001191c00000)]
  0x000001b873ee1000 JavaThread "Finalizer" daemon [_thread_blocked, id=1112, stack(0x0000001191c00000,0x0000001191d00000)]
  0x000001b873ee4800 JavaThread "Signal Dispatcher" daemon [_thread_blocked, id=2320, stack(0x0000001191d00000,0x0000001191e00000)]
  0x000001b873f36800 JavaThread "Attach Listener" daemon [_thread_blocked, id=12608, stack(0x0000001191e00000,0x0000001191f00000)]
  0x000001b873f37800 JavaThread "Service Thread" daemon [_thread_blocked, id=1164, stack(0x0000001191f00000,0x0000001192000000)]
  0x000001b873f3b000 JavaThread "C2 CompilerThread0" daemon [_thread_blocked, id=17052, stack(0x0000001192000000,0x0000001192100000)]
  0x000001b873f3c800 JavaThread "C1 CompilerThread0" daemon [_thread_blocked, id=10632, stack(0x0000001192100000,0x0000001192200000)]
  0x000001b873f4d800 JavaThread "Sweeper thread" daemon [_thread_blocked, id=3784, stack(0x0000001192200000,0x0000001192300000)]
  0x000001b8740af000 JavaThread "Common-Cleaner" daemon [_thread_blocked, id=11012, stack(0x0000001192300000,0x0000001192400000)]
  0x000001b876285000 JavaThread "Daemon health stats" [_thread_blocked, id=10776, stack(0x0000001192900000,0x0000001192a00000)]
  0x000001b8747ff800 JavaThread "Incoming local TCP Connector on port 50739" [_thread_in_native, id=16152, stack(0x0000001192500000,0x0000001192600000)]
  0x000001b8758dd800 JavaThread "Daemon periodic checks" [_thread_blocked, id=18184, stack(0x0000001192a00000,0x0000001192b00000)]
  0x000001b8758dc800 JavaThread "Cache worker for journal cache (C:\Users\User\.gradle\caches\journal-1)" [_thread_blocked, id=14360, stack(0x0000001193200000,0x0000001193300000)]
  0x000001b877f50000 JavaThread "File lock request listener" [_thread_in_native, id=16376, stack(0x0000001193300000,0x0000001193400000)]
  0x000001b877f51000 JavaThread "Cache worker for file hash cache (C:\Users\User\.gradle\caches\7.3.3\fileHashes)" [_thread_blocked, id=13468, stack(0x0000001193400000,0x0000001193500000)]
  0x000001b877f4f800 JavaThread "File watcher server" daemon [_thread_in_native, id=4440, stack(0x0000001193700000,0x0000001193800000)]
  0x000001b877f4b800 JavaThread "File watcher consumer" daemon [_thread_blocked, id=8824, stack(0x0000001193800000,0x0000001193900000)]
  0x000001b877f52800 JavaThread "Cache worker for execution history cache (C:\Users\User\.gradle\caches\7.3.3\executionHistory)" [_thread_blocked, id=9308, stack(0x0000001193c00000,0x0000001193d00000)]
  0x000001b877f4d800 JavaThread "jar transforms" [_thread_blocked, id=19004, stack(0x0000001193d00000,0x0000001193e00000)]
  0x000001b877f56000 JavaThread "Cache worker for file content cache (C:\Users\User\.gradle\caches\7.3.3\fileContent)" [_thread_blocked, id=8636, stack(0x0000001193e00000,0x0000001193f00000)]
  0x000001b877f57800 JavaThread "jar transforms Thread 2" [_thread_blocked, id=8792, stack(0x0000001193f00000,0x0000001194000000)]
  0x000001b877f59000 JavaThread "jar transforms Thread 3" [_thread_blocked, id=16408, stack(0x0000001194100000,0x0000001194200000)]
  0x000001b879d65800 JavaThread "jar transforms Thread 4" [_thread_blocked, id=7336, stack(0x0000001196b00000,0x0000001196c00000)]
  0x000001b879d66800 JavaThread "Memory manager" [_thread_blocked, id=17908, stack(0x0000001196c00000,0x0000001196d00000)]
  0x000001b879d6f800 JavaThread "Cache worker for Java compile cache (C:\Users\User\.gradle\caches\7.3.3\javaCompile)" [_thread_blocked, id=18688, stack(0x0000001197200000,0x0000001197300000)]
=>0x000001b87d8fb800 JavaThread "ForkJoinPool.commonPool-worker-3" daemon [_thread_in_vm, id=17156, stack(0x0000001197e00000,0x0000001197f00000)]
  0x000001b87e2b4800 JavaThread "ForkJoinPool.commonPool-worker-5" daemon [_thread_blocked, id=10372, stack(0x0000001197f00000,0x0000001198000000)]
  0x000001b87e2b4000 JavaThread "Daemon Thread 4" [_thread_blocked, id=11672, stack(0x0000001192b00000,0x0000001192c00000)]
  0x000001b87e2af000 JavaThread "Handler for socket connection from /127.0.0.1:50739 to /127.0.0.1:51878" [_thread_in_native, id=9416, stack(0x0000001192c00000,0x0000001192d00000)]
  0x000001b87e2b2000 JavaThread "Cancel handler" [_thread_blocked, id=8896, stack(0x0000001192d00000,0x0000001192e00000)]
  0x000001b87e2b3000 JavaThread "Daemon worker Thread 4" [_thread_blocked, id=5948, stack(0x0000001192e00000,0x0000001192f00000)]
  0x000001b87e2ae000 JavaThread "Asynchronous log dispatcher for DefaultDaemonConnection: socket connection from /127.0.0.1:50739 to /127.0.0.1:51878" [_thread_blocked, id=1248, stack(0x0000001192f00000,0x0000001193000000)]
  0x000001b87e2b0800 JavaThread "Stdin handler" [_thread_blocked, id=8760, stack(0x0000001193000000,0x0000001193100000)]
  0x000001b87e2b5800 JavaThread "Daemon client event forwarder" [_thread_blocked, id=2680, stack(0x0000001193100000,0x0000001193200000)]
  0x000001b87e2af800 JavaThread "Cache worker for file hash cache (C:\Users\User\AndroidStudioProjects\DemoRegister\.gradle\7.3.3\fileHashes)" [_thread_blocked, id=8692, stack(0x0000001193500000,0x0000001193600000)]
  0x000001b87e2b1800 JavaThread "Cache worker for checksums cache (C:\Users\User\AndroidStudioProjects\DemoRegister\.gradle\7.3.3\checksums)" [_thread_blocked, id=18236, stack(0x0000001193600000,0x0000001193700000)]
  0x000001b87e2ba800 JavaThread "Cache worker for cache directory md-supplier (C:\Users\User\.gradle\caches\7.3.3\md-supplier)" [_thread_blocked, id=9356, stack(0x0000001193900000,0x0000001193a00000)]
  0x000001b87e2b8000 JavaThread "Cache worker for cache directory md-rule (C:\Users\User\.gradle\caches\7.3.3\md-rule)" [_thread_blocked, id=14600, stack(0x0000001193a00000,0x0000001193b00000)]
  0x000001b87e2b9800 JavaThread "Cache worker for dependencies-accessors (C:\Users\User\AndroidStudioProjects\DemoRegister\.gradle\7.3.3\dependencies-accessors)" [_thread_blocked, id=13224, stack(0x0000001193b00000,0x0000001193c00000)]
  0x000001b87e2bb000 JavaThread "Cache worker for Build Output Cleanup Cache (C:\Users\User\AndroidStudioProjects\DemoRegister\.gradle\buildOutputCleanup)" [_thread_blocked, id=12132, stack(0x0000001194000000,0x0000001194100000)]
  0x000001b87e2b7000 JavaThread "Unconstrained build operations" [_thread_blocked, id=20340, stack(0x0000001194200000,0x0000001194300000)]
  0x000001b87e2bc000 JavaThread "Unconstrained build operations Thread 2" [_thread_blocked, id=10296, stack(0x0000001194300000,0x0000001194400000)]
  0x000001b87e2b8800 JavaThread "Unconstrained build operations Thread 3" [_thread_blocked, id=14856, stack(0x0000001194400000,0x0000001194500000)]
  0x000001b87e2b6800 JavaThread "Unconstrained build operations Thread 4" [_thread_blocked, id=18848, stack(0x0000001194500000,0x0000001194600000)]
  0x000001b87e2bd000 JavaThread "Unconstrained build operations Thread 5" [_thread_blocked, id=10156, stack(0x0000001194600000,0x0000001194700000)]
  0x000001b87d8fd800 JavaThread "Unconstrained build operations Thread 6" [_thread_blocked, id=5580, stack(0x0000001194700000,0x0000001194800000)]
  0x000001b87d8f9800 JavaThread "Unconstrained build operations Thread 7" [_thread_blocked, id=15600, stack(0x0000001194800000,0x0000001194900000)]
  0x000001b87d8fc000 JavaThread "Unconstrained build operations Thread 8" [_thread_blocked, id=9972, stack(0x0000001194900000,0x0000001194a00000)]
  0x000001b87d8f8000 JavaThread "Unconstrained build operations Thread 9" [_thread_blocked, id=1712, stack(0x0000001194a00000,0x0000001194b00000)]
  0x000001b87d8fe800 JavaThread "Unconstrained build operations Thread 10" [_thread_blocked, id=19336, stack(0x0000001194b00000,0x0000001194c00000)]
  0x000001b87d8f9000 JavaThread "Unconstrained build operations Thread 11" [_thread_blocked, id=16192, stack(0x0000001194c00000,0x0000001194d00000)]
  0x000001b87d8ff800 JavaThread "Unconstrained build operations Thread 12" [_thread_blocked, id=12496, stack(0x0000001194d00000,0x0000001194e00000)]
  0x000001b87d8fd000 JavaThread "Unconstrained build operations Thread 13" [_thread_blocked, id=15896, stack(0x0000001194e00000,0x0000001194f00000)]
  0x000001b87d900000 JavaThread "Unconstrained build operations Thread 14" [_thread_blocked, id=10988, stack(0x0000001194f00000,0x0000001195000000)]
  0x000001b87d8fa800 JavaThread "Unconstrained build operations Thread 15" [_thread_blocked, id=18944, stack(0x0000001195000000,0x0000001195100000)]
  0x000001b87d902800 JavaThread "Unconstrained build operations Thread 16" [_thread_blocked, id=2740, stack(0x0000001195100000,0x0000001195200000)]
  0x000001b87d903800 JavaThread "Unconstrained build operations Thread 17" [_thread_blocked, id=16296, stack(0x0000001195200000,0x0000001195300000)]
  0x000001b87d906800 JavaThread "Unconstrained build operations Thread 18" [_thread_blocked, id=11008, stack(0x0000001195300000,0x0000001195400000)]
  0x000001b87d904800 JavaThread "Unconstrained build operations Thread 19" [_thread_blocked, id=4228, stack(0x0000001195400000,0x0000001195500000)]
  0x000001b87d906000 JavaThread "Unconstrained build operations Thread 20" [_thread_blocked, id=10460, stack(0x0000001195500000,0x0000001195600000)]
  0x000001b87d901000 JavaThread "Unconstrained build operations Thread 21" [_thread_blocked, id=14144, stack(0x0000001195600000,0x0000001195700000)]
  0x000001b87d905000 JavaThread "Unconstrained build operations Thread 22" [_thread_blocked, id=2748, stack(0x0000001195700000,0x0000001195800000)]
  0x000001b87d902000 JavaThread "Unconstrained build operations Thread 23" [_thread_blocked, id=1836, stack(0x0000001195800000,0x0000001195900000)]
  0x000001b87995d800 JavaThread "Unconstrained build operations Thread 24" [_thread_blocked, id=2384, stack(0x0000001195900000,0x0000001195a00000)]
  0x000001b87995c800 JavaThread "Unconstrained build operations Thread 25" [_thread_blocked, id=2844, stack(0x0000001195a00000,0x0000001195b00000)]
  0x000001b87995e000 JavaThread "Unconstrained build operations Thread 26" [_thread_blocked, id=12688, stack(0x0000001195b00000,0x0000001195c00000)]
  0x000001b879960800 JavaThread "Unconstrained build operations Thread 27" [_thread_blocked, id=19568, stack(0x0000001195c00000,0x0000001195d00000)]
  0x000001b87995f000 JavaThread "Unconstrained build operations Thread 28" [_thread_blocked, id=2364, stack(0x0000001195d00000,0x0000001195e00000)]
  0x000001b87995b000 JavaThread "Unconstrained build operations Thread 29" [_thread_blocked, id=13904, stack(0x0000001195e00000,0x0000001195f00000)]
  0x000001b879961800 JavaThread "Unconstrained build operations Thread 30" [_thread_blocked, id=8460, stack(0x0000001195f00000,0x0000001196000000)]
  0x000001b87995c000 JavaThread "Unconstrained build operations Thread 31" [_thread_blocked, id=7120, stack(0x0000001196000000,0x0000001196100000)]
  0x000001b879962800 JavaThread "Unconstrained build operations Thread 32" [_thread_blocked, id=18388, stack(0x0000001196100000,0x0000001196200000)]
  0x000001b879963000 JavaThread "Unconstrained build operations Thread 33" [_thread_blocked, id=19288, stack(0x0000001196200000,0x0000001196300000)]
  0x000001b879964000 JavaThread "Unconstrained build operations Thread 34" [_thread_blocked, id=18080, stack(0x0000001196300000,0x0000001196400000)]
  0x000001b879966800 JavaThread "Unconstrained build operations Thread 35" [_thread_blocked, id=11096, stack(0x0000001196400000,0x0000001196500000)]
  0x000001b879965800 JavaThread "Unconstrained build operations Thread 36" [_thread_blocked, id=8412, stack(0x0000001196500000,0x0000001196600000)]
  0x000001b879969000 JavaThread "Unconstrained build operations Thread 37" [_thread_blocked, id=14988, stack(0x0000001196600000,0x0000001196700000)]
  0x000001b879969800 JavaThread "Unconstrained build operations Thread 38" [_thread_blocked, id=8160, stack(0x0000001196700000,0x0000001196800000)]
  0x000001b879967000 JavaThread "Unconstrained build operations Thread 39" [_thread_blocked, id=12464, stack(0x0000001196800000,0x0000001196900000)]
  0x000001b879965000 JavaThread "Unconstrained build operations Thread 40" [_thread_blocked, id=1744, stack(0x0000001196900000,0x0000001196a00000)]
  0x000001b879d68000 JavaThread "build event listener" [_thread_blocked, id=14812, stack(0x0000001196d00000,0x0000001196e00000)]
  0x000001b879d62800 JavaThread "Execution worker for ':'" [_thread_blocked, id=14936, stack(0x0000001196e00000,0x0000001196f00000)]
  0x000001b879d69000 JavaThread "Execution worker for ':' Thread 2" [_thread_blocked, id=19944, stack(0x0000001196f00000,0x0000001197000000)]
  0x000001b879d63000 JavaThread "Execution worker for ':' Thread 3" [_thread_blocked, id=8128, stack(0x0000001197000000,0x0000001197100000)]
  0x000001b879d69800 JavaThread "Cache worker for execution history cache (C:\Users\User\AndroidStudioProjects\DemoRegister\.gradle\7.3.3\executionHistory)" [_thread_blocked, id=13656, stack(0x0000001197100000,0x0000001197200000)]
  0x000001b879d64000 JavaThread "WorkerExecutor Queue" [_thread_blocked, id=836, stack(0x0000001197300000,0x0000001197400000)]
  0x000001b879d6a800 JavaThread "ForkJoinPool.commonPool-worker-1" daemon [_thread_blocked, id=17692, stack(0x0000001197400000,0x0000001197500000)]

Other Threads:
  0x000001b873edc000 VMThread "VM Thread" [stack: 0x0000001191a00000,0x0000001191b00000] [id=15520]
  0x000001b8740b4800 WatcherThread [stack: 0x0000001192400000,0x0000001192500000] [id=19124]
  0x000001b859abc800 GCTaskThread "GC Thread#0" [stack: 0x0000001191500000,0x0000001191600000] [id=3384]
  0x000001b873fd1800 GCTaskThread "GC Thread#1" [stack: 0x0000001192600000,0x0000001192700000] [id=8768]
  0x000001b873fcf800 GCTaskThread "GC Thread#2" [stack: 0x0000001192700000,0x0000001192800000] [id=8148]
  0x000001b873fd1000 GCTaskThread "GC Thread#3" [stack: 0x0000001192800000,0x0000001192900000] [id=9212]
  0x000001b859aee800 ConcurrentGCThread "G1 Main Marker" [stack: 0x0000001191600000,0x0000001191700000] [id=1124]
  0x000001b859aef800 ConcurrentGCThread "G1 Conc#0" [stack: 0x0000001191700000,0x0000001191800000] [id=20060]
  0x000001b87351a800 ConcurrentGCThread "G1 Refine#0" [stack: 0x0000001191800000,0x0000001191900000] [id=12964]
  0x000001b87d7af800 ConcurrentGCThread "G1 Refine#1" [stack: 0x0000001197700000,0x0000001197800000] [id=12636]
  0x000001b87dc9e800 ConcurrentGCThread "G1 Refine#2" [stack: 0x0000001197800000,0x0000001197900000] [id=11628]
  0x000001b87351b800 ConcurrentGCThread "G1 Young RemSet Sampling" [stack: 0x0000001191900000,0x0000001191a00000] [id=14344]

Threads with active compile tasks:

VM state:not at safepoint (normal execution)

VM Mutex/Monitor currently owned by a thread:  ([mutex/lock_event])
[0x000001b859aa1770] Heap_lock - owner thread: 0x000001b87d8fb800

Heap address: 0x0000000080000000, size: 2048 MB, Compressed Oops mode: 32-bit
Narrow klass base: 0x0000000000000000, Narrow klass shift: 3
Compressed class space size: 1073741824 Address: 0x0000000100000000

Heap:
 garbage-first heap   total 348160K, used 343465K [0x0000000080000000, 0x0000000100000000)
  region size 1024K, 92 young (94208K), 8 survivors (8192K)
 Metaspace       used 117207K, capacity 120727K, committed 121104K, reserved 1155072K
  class space    used 14946K, capacity 16274K, committed 16352K, reserved 1048576K
Heap Regions: E=young(eden), S=young(survivor), O=old, HS=humongous(starts), HC=humongous(continues), CS=collection set, F=free, A=archive, TAMS=top-at-mark-start (previous, next)
|   0|0x0000000080000000, 0x0000000080100000, 0x0000000080100000|100%| O|  |TAMS 0x0000000080100000, 0x0000000080000000| Untracked 
|   1|0x0000000080100000, 0x0000000080200000, 0x0000000080200000|100%| O|  |TAMS 0x0000000080200000, 0x0000000080100000| Untracked 
|   2|0x0000000080200000, 0x0000000080300000, 0x0000000080300000|100%| O|  |TAMS 0x0000000080300000, 0x0000000080200000| Complete 
|   3|0x0000000080300000, 0x0000000080400000, 0x0000000080400000|100%|HS|  |TAMS 0x0000000080400000, 0x0000000080300000| Complete 
|   4|0x0000000080400000, 0x0000000080500000, 0x0000000080500000|100%|HC|  |TAMS 0x0000000080500000, 0x0000000080400000| Complete 
|   5|0x0000000080500000, 0x0000000080600000, 0x0000000080600000|100%|HC|  |TAMS 0x0000000080600000, 0x0000000080500000| Complete 
|   6|0x0000000080600000, 0x0000000080700000, 0x0000000080700000|100%| O|  |TAMS 0x0000000080700000, 0x0000000080600000| Complete 
|   7|0x0000000080700000, 0x0000000080800000, 0x0000000080800000|100%| O|  |TAMS 0x0000000080800000, 0x0000000080700000| Untracked 
|   8|0x0000000080800000, 0x0000000080900000, 0x0000000080900000|100%| O|  |TAMS 0x0000000080900000, 0x0000000080800000| Untracked 
|   9|0x0000000080900000, 0x0000000080a00000, 0x0000000080a00000|100%| O|  |TAMS 0x0000000080a00000, 0x0000000080900000| Untracked 
|  10|0x0000000080a00000, 0x0000000080b00000, 0x0000000080b00000|100%| O|  |TAMS 0x0000000080b00000, 0x0000000080a00000| Untracked 
|  11|0x0000000080b00000, 0x0000000080c00000, 0x0000000080c00000|100%| O|  |TAMS 0x0000000080c00000, 0x0000000080b00000| Untracked 
|  12|0x0000000080c00000, 0x0000000080d00000, 0x0000000080d00000|100%| O|  |TAMS 0x0000000080d00000, 0x0000000080c00000| Untracked 
|  13|0x0000000080d00000, 0x0000000080e00000, 0x0000000080e00000|100%| O|  |TAMS 0x0000000080e00000, 0x0000000080d00000| Untracked 
|  14|0x0000000080e00000, 0x0000000080f00000, 0x0000000080f00000|100%| O|  |TAMS 0x0000000080f00000, 0x0000000080e00000| Untracked 
|  15|0x0000000080f00000, 0x0000000081000000, 0x0000000081000000|100%| O|  |TAMS 0x0000000081000000, 0x0000000080f00000| Untracked 
|  16|0x0000000081000000, 0x0000000081100000, 0x0000000081100000|100%|HS|  |TAMS 0x0000000081100000, 0x0000000081000000| Complete 
|  17|0x0000000081100000, 0x0000000081200000, 0x0000000081200000|100%| O|  |TAMS 0x0000000081200000, 0x0000000081100000| Untracked 
|  18|0x0000000081200000, 0x0000000081300000, 0x0000000081300000|100%| O|  |TAMS 0x0000000081300000, 0x0000000081200000| Untracked 
|  19|0x0000000081300000, 0x0000000081400000, 0x0000000081400000|100%| O|  |TAMS 0x0000000081400000, 0x0000000081300000| Complete 
|  20|0x0000000081400000, 0x0000000081500000, 0x0000000081500000|100%| O|  |TAMS 0x0000000081500000, 0x0000000081400000| Complete 
|  21|0x0000000081500000, 0x0000000081600000, 0x0000000081600000|100%| O|  |TAMS 0x0000000081600000, 0x0000000081500000| Untracked 
|  22|0x0000000081600000, 0x0000000081700000, 0x0000000081700000|100%| O|  |TAMS 0x0000000081700000, 0x0000000081600000| Untracked 
|  23|0x0000000081700000, 0x0000000081800000, 0x0000000081800000|100%| O|  |TAMS 0x0000000081800000, 0x0000000081700000| Untracked 
|  24|0x0000000081800000, 0x0000000081900000, 0x0000000081900000|100%|HS|  |TAMS 0x0000000081900000, 0x0000000081800000| Complete 
|  25|0x0000000081900000, 0x0000000081a00000, 0x0000000081a00000|100%|HS|  |TAMS 0x0000000081a00000, 0x0000000081900000| Complete 
|  26|0x0000000081a00000, 0x0000000081b00000, 0x0000000081b00000|100%|HC|  |TAMS 0x0000000081b00000, 0x0000000081a00000| Complete 
|  27|0x0000000081b00000, 0x0000000081c00000, 0x0000000081c00000|100%| O|  |TAMS 0x0000000081c00000, 0x0000000081b00000| Untracked 
|  28|0x0000000081c00000, 0x0000000081d00000, 0x0000000081d00000|100%| O|  |TAMS 0x0000000081d00000, 0x0000000081c00000| Untracked 
|  29|0x0000000081d00000, 0x0000000081e00000, 0x0000000081e00000|100%| O|  |TAMS 0x0000000081e00000, 0x0000000081d00000| Untracked 
|  30|0x0000000081e00000, 0x0000000081f00000, 0x0000000081f00000|100%| O|  |TAMS 0x0000000081f00000, 0x0000000081e00000| Untracked 
|  31|0x0000000081f00000, 0x0000000082000000, 0x0000000082000000|100%| O|  |TAMS 0x0000000082000000, 0x0000000081f00000| Untracked 
|  32|0x0000000082000000, 0x0000000082100000, 0x0000000082100000|100%| O|  |TAMS 0x0000000082100000, 0x0000000082000000| Complete 
|  33|0x0000000082100000, 0x0000000082200000, 0x0000000082200000|100%| O|  |TAMS 0x0000000082200000, 0x0000000082100000| Untracked 
|  34|0x0000000082200000, 0x0000000082300000, 0x0000000082300000|100%| O|  |TAMS 0x0000000082300000, 0x0000000082200000| Untracked 
|  35|0x0000000082300000, 0x0000000082400000, 0x0000000082400000|100%| O|  |TAMS 0x0000000082400000, 0x0000000082300000| Untracked 
|  36|0x0000000082400000, 0x0000000082500000, 0x0000000082500000|100%| O|  |TAMS 0x0000000082500000, 0x0000000082400000| Untracked 
|  37|0x0000000082500000, 0x0000000082600000, 0x0000000082600000|100%| O|  |TAMS 0x0000000082600000, 0x0000000082500000| Untracked 
|  38|0x0000000082600000, 0x0000000082700000, 0x0000000082700000|100%| O|  |TAMS 0x0000000082700000, 0x0000000082600000| Untracked 
|  39|0x0000000082700000, 0x0000000082800000, 0x0000000082800000|100%| O|  |TAMS 0x0000000082800000, 0x0000000082700000| Untracked 
|  40|0x0000000082800000, 0x0000000082900000, 0x0000000082900000|100%| O|  |TAMS 0x0000000082900000, 0x0000000082800000| Untracked 
|  41|0x0000000082900000, 0x0000000082a00000, 0x0000000082a00000|100%| O|  |TAMS 0x0000000082a00000, 0x0000000082900000| Complete 
|  42|0x0000000082a00000, 0x0000000082b00000, 0x0000000082b00000|100%| O|  |TAMS 0x0000000082b00000, 0x0000000082a00000| Untracked 
|  43|0x0000000082b00000, 0x0000000082c00000, 0x0000000082c00000|100%| O|  |TAMS 0x0000000082c00000, 0x0000000082b00000| Complete 
|  44|0x0000000082c00000, 0x0000000082d00000, 0x0000000082d00000|100%| O|  |TAMS 0x0000000082d00000, 0x0000000082c00000| Complete 
|  45|0x0000000082d00000, 0x0000000082e00000, 0x0000000082e00000|100%| O|  |TAMS 0x0000000082e00000, 0x0000000082d00000| Complete 
|  46|0x0000000082e00000, 0x0000000082f00000, 0x0000000082f00000|100%| O|  |TAMS 0x0000000082f00000, 0x0000000082e00000| Complete 
|  47|0x0000000082f00000, 0x0000000083000000, 0x0000000083000000|100%| O|  |TAMS 0x0000000083000000, 0x0000000082f00000| Untracked 
|  48|0x0000000083000000, 0x0000000083100000, 0x0000000083100000|100%| O|  |TAMS 0x0000000083100000, 0x0000000083000000| Untracked 
|  49|0x0000000083100000, 0x0000000083200000, 0x0000000083200000|100%| O|  |TAMS 0x0000000083200000, 0x0000000083100000| Untracked 
|  50|0x0000000083200000, 0x0000000083300000, 0x0000000083300000|100%| O|  |TAMS 0x0000000083300000, 0x0000000083200000| Complete 
|  51|0x0000000083300000, 0x0000000083400000, 0x0000000083400000|100%| O|  |TAMS 0x0000000083400000, 0x0000000083300000| Untracked 
|  52|0x0000000083400000, 0x0000000083500000, 0x0000000083500000|100%| O|  |TAMS 0x0000000083500000, 0x0000000083400000| Complete 
|  53|0x0000000083500000, 0x0000000083600000, 0x0000000083600000|100%| O|  |TAMS 0x0000000083600000, 0x0000000083500000| Complete 
|  54|0x0000000083600000, 0x0000000083700000, 0x0000000083700000|100%| O|  |TAMS 0x0000000083700000, 0x0000000083600000| Complete 
|  55|0x0000000083700000, 0x0000000083800000, 0x0000000083800000|100%| O|  |TAMS 0x0000000083800000, 0x0000000083700000| Untracked 
|  56|0x0000000083800000, 0x0000000083900000, 0x0000000083900000|100%| O|  |TAMS 0x0000000083900000, 0x0000000083800000| Untracked 
|  57|0x0000000083900000, 0x0000000083a00000, 0x0000000083a00000|100%| O|  |TAMS 0x0000000083a00000, 0x0000000083900000| Untracked 
|  58|0x0000000083a00000, 0x0000000083b00000, 0x0000000083b00000|100%| O|  |TAMS 0x0000000083b00000, 0x0000000083a00000| Complete 
|  59|0x0000000083b00000, 0x0000000083c00000, 0x0000000083c00000|100%| O|  |TAMS 0x0000000083c00000, 0x0000000083b00000| Untracked 
|  60|0x0000000083c00000, 0x0000000083d00000, 0x0000000083d00000|100%| O|  |TAMS 0x0000000083d00000, 0x0000000083c00000| Complete 
|  61|0x0000000083d00000, 0x0000000083e00000, 0x0000000083e00000|100%| O|  |TAMS 0x0000000083e00000, 0x0000000083d00000| Complete 
|  62|0x0000000083e00000, 0x0000000083f00000, 0x0000000083f00000|100%| O|  |TAMS 0x0000000083f00000, 0x0000000083e00000| Untracked 
|  63|0x0000000083f00000, 0x0000000084000000, 0x0000000084000000|100%| O|  |TAMS 0x0000000084000000, 0x0000000083f00000| Complete 
|  64|0x0000000084000000, 0x0000000084100000, 0x0000000084100000|100%| O|  |TAMS 0x0000000084100000, 0x0000000084000000| Complete 
|  65|0x0000000084100000, 0x0000000084200000, 0x0000000084200000|100%| O|  |TAMS 0x0000000084200000, 0x0000000084100000| Complete 
|  66|0x0000000084200000, 0x0000000084300000, 0x0000000084300000|100%|HS|  |TAMS 0x0000000084200000, 0x0000000084200000| Complete 
|  67|0x0000000084300000, 0x0000000084400000, 0x0000000084400000|100%| O|  |TAMS 0x0000000084400000, 0x0000000084300000| Complete 
|  68|0x0000000084400000, 0x0000000084500000, 0x0000000084500000|100%| O|  |TAMS 0x0000000084500000, 0x0000000084400000| Complete 
|  69|0x0000000084500000, 0x0000000084600000, 0x0000000084600000|100%| O|  |TAMS 0x0000000084600000, 0x0000000084500000| Complete 
|  70|0x0000000084600000, 0x0000000084700000, 0x0000000084700000|100%| O|  |TAMS 0x0000000084700000, 0x0000000084600000| Complete 
|  71|0x0000000084700000, 0x0000000084800000, 0x0000000084800000|100%| O|  |TAMS 0x0000000084800000, 0x0000000084700000| Complete 
|  72|0x0000000084800000, 0x0000000084900000, 0x0000000084900000|100%| O|  |TAMS 0x0000000084900000, 0x0000000084800000| Untracked 
|  73|0x0000000084900000, 0x0000000084a00000, 0x0000000084a00000|100%| O|  |TAMS 0x0000000084a00000, 0x0000000084900000| Complete 
|  74|0x0000000084a00000, 0x0000000084b00000, 0x0000000084b00000|100%| O|  |TAMS 0x0000000084b00000, 0x0000000084a00000| Untracked 
|  75|0x0000000084b00000, 0x0000000084c00000, 0x0000000084c00000|100%| O|  |TAMS 0x0000000084c00000, 0x0000000084b00000| Complete 
|  76|0x0000000084c00000, 0x0000000084d00000, 0x0000000084d00000|100%| O|  |TAMS 0x0000000084d00000, 0x0000000084c00000| Complete 
|  77|0x0000000084d00000, 0x0000000084e00000, 0x0000000084e00000|100%| O|  |TAMS 0x0000000084e00000, 0x0000000084d00000| Complete 
|  78|0x0000000084e00000, 0x0000000084f00000, 0x0000000084f00000|100%| O|  |TAMS 0x0000000084f00000, 0x0000000084e00000| Complete 
|  79|0x0000000084f00000, 0x0000000085000000, 0x0000000085000000|100%| O|  |TAMS 0x0000000085000000, 0x0000000084f00000| Complete 
|  80|0x0000000085000000, 0x0000000085100000, 0x0000000085100000|100%| O|  |TAMS 0x0000000085100000, 0x0000000085000000| Complete 
|  81|0x0000000085100000, 0x0000000085200000, 0x0000000085200000|100%| O|  |TAMS 0x0000000085200000, 0x0000000085100000| Complete 
|  82|0x0000000085200000, 0x0000000085300000, 0x0000000085300000|100%|HS|  |TAMS 0x0000000085200000, 0x0000000085200000| Complete 
|  83|0x0000000085300000, 0x0000000085400000, 0x0000000085400000|100%| O|  |TAMS 0x0000000085400000, 0x0000000085300000| Untracked 
|  84|0x0000000085400000, 0x0000000085500000, 0x0000000085500000|100%| O|  |TAMS 0x0000000085500000, 0x0000000085400000| Untracked 
|  85|0x0000000085500000, 0x0000000085600000, 0x0000000085600000|100%| O|  |TAMS 0x0000000085600000, 0x0000000085500000| Untracked 
|  86|0x0000000085600000, 0x0000000085700000, 0x0000000085700000|100%|HS|  |TAMS 0x0000000085600000, 0x0000000085600000| Complete 
|  87|0x0000000085700000, 0x0000000085800000, 0x0000000085800000|100%| O|  |TAMS 0x0000000085800000, 0x0000000085700000| Untracked 
|  88|0x0000000085800000, 0x0000000085900000, 0x0000000085900000|100%| O|  |TAMS 0x0000000085900000, 0x0000000085800000| Complete 
|  89|0x0000000085900000, 0x0000000085a00000, 0x0000000085a00000|100%| O|  |TAMS 0x0000000085a00000, 0x0000000085900000| Complete 
|  90|0x0000000085a00000, 0x0000000085b00000, 0x0000000085b00000|100%| O|  |TAMS 0x0000000085b00000, 0x0000000085a00000| Complete 
|  91|0x0000000085b00000, 0x0000000085c00000, 0x0000000085c00000|100%| O|  |TAMS 0x0000000085c00000, 0x0000000085b00000| Untracked 
|  92|0x0000000085c00000, 0x0000000085d00000, 0x0000000085d00000|100%| O|  |TAMS 0x0000000085d00000, 0x0000000085c00000| Complete 
|  93|0x0000000085d00000, 0x0000000085e00000, 0x0000000085e00000|100%| O|  |TAMS 0x0000000085e00000, 0x0000000085d00000| Untracked 
|  94|0x0000000085e00000, 0x0000000085f00000, 0x0000000085f00000|100%| O|  |TAMS 0x0000000085f00000, 0x0000000085e00000| Complete 
|  95|0x0000000085f00000, 0x0000000086000000, 0x0000000086000000|100%| O|  |TAMS 0x0000000086000000, 0x0000000085f00000| Untracked 
|  96|0x0000000086000000, 0x0000000086100000, 0x0000000086100000|100%| O|  |TAMS 0x0000000086100000, 0x0000000086000000| Complete 
|  97|0x0000000086100000, 0x0000000086200000, 0x0000000086200000|100%|HS|  |TAMS 0x0000000086100000, 0x0000000086100000| Complete 
|  98|0x0000000086200000, 0x0000000086300000, 0x0000000086300000|100%|HC|  |TAMS 0x0000000086200000, 0x0000000086200000| Complete 
|  99|0x0000000086300000, 0x0000000086400000, 0x0000000086400000|100%| O|  |TAMS 0x0000000086400000, 0x0000000086300000| Untracked 
| 100|0x0000000086400000, 0x0000000086500000, 0x0000000086500000|100%| O|  |TAMS 0x0000000086500000, 0x0000000086400000| Complete 
| 101|0x0000000086500000, 0x0000000086600000, 0x0000000086600000|100%| O|  |TAMS 0x0000000086600000, 0x0000000086500000| Complete 
| 102|0x0000000086600000, 0x0000000086700000, 0x0000000086700000|100%| O|  |TAMS 0x0000000086700000, 0x0000000086600000| Complete 
| 103|0x0000000086700000, 0x0000000086800000, 0x0000000086800000|100%| O|  |TAMS 0x0000000086800000, 0x0000000086700000| Untracked 
| 104|0x0000000086800000, 0x0000000086900000, 0x0000000086900000|100%| O|  |TAMS 0x0000000086900000, 0x0000000086800000| Untracked 
| 105|0x0000000086900000, 0x0000000086a00000, 0x0000000086a00000|100%| O|  |TAMS 0x0000000086a00000, 0x0000000086900000| Complete 
| 106|0x0000000086a00000, 0x0000000086b00000, 0x0000000086b00000|100%| O|  |TAMS 0x0000000086b00000, 0x0000000086a00000| Untracked 
| 107|0x0000000086b00000, 0x0000000086c00000, 0x0000000086c00000|100%| O|  |TAMS 0x0000000086c00000, 0x0000000086b00000| Complete 
| 108|0x0000000086c00000, 0x0000000086d00000, 0x0000000086d00000|100%| O|  |TAMS 0x0000000086d00000, 0x0000000086c00000| Complete 
| 109|0x0000000086d00000, 0x0000000086d74400, 0x0000000086e00000| 45%| O|  |TAMS 0x0000000086d74400, 0x0000000086d00000| Untracked 
| 110|0x0000000086e00000, 0x0000000086f00000, 0x0000000086f00000|100%|HS|  |TAMS 0x0000000086f00000, 0x0000000086e00000| Complete 
| 111|0x0000000086f00000, 0x0000000087000000, 0x0000000087000000|100%|HC|  |TAMS 0x0000000087000000, 0x0000000086f00000| Complete 
| 112|0x0000000087000000, 0x0000000087100000, 0x0000000087100000|100%|HS|  |TAMS 0x0000000087000000, 0x0000000087000000| Complete 
| 113|0x0000000087100000, 0x0000000087200000, 0x0000000087200000|100%|HC|  |TAMS 0x0000000087100000, 0x0000000087100000| Complete 
| 114|0x0000000087200000, 0x0000000087300000, 0x0000000087300000|100%|HS|  |TAMS 0x0000000087200000, 0x0000000087200000| Complete 
| 115|0x0000000087300000, 0x0000000087400000, 0x0000000087400000|100%|HC|  |TAMS 0x0000000087300000, 0x0000000087300000| Complete 
| 116|0x0000000087400000, 0x0000000087500000, 0x0000000087500000|100%|HS|  |TAMS 0x0000000087500000, 0x0000000087400000| Complete 
| 117|0x0000000087500000, 0x0000000087600000, 0x0000000087600000|100%|HC|  |TAMS 0x0000000087600000, 0x0000000087500000| Complete 
| 118|0x0000000087600000, 0x0000000087700000, 0x0000000087700000|100%|HS|  |TAMS 0x0000000087700000, 0x0000000087600000| Complete 
| 119|0x0000000087700000, 0x0000000087800000, 0x0000000087800000|100%|HC|  |TAMS 0x0000000087800000, 0x0000000087700000| Complete 
| 120|0x0000000087800000, 0x0000000087900000, 0x0000000087900000|100%|HS|  |TAMS 0x0000000087900000, 0x0000000087800000| Complete 
| 121|0x0000000087900000, 0x0000000087a00000, 0x0000000087a00000|100%|HC|  |TAMS 0x0000000087a00000, 0x0000000087900000| Complete 
| 122|0x0000000087a00000, 0x0000000087b00000, 0x0000000087b00000|100%|HS|  |TAMS 0x0000000087a00000, 0x0000000087a00000| Complete 
| 123|0x0000000087b00000, 0x0000000087c00000, 0x0000000087c00000|100%|HC|  |TAMS 0x0000000087b00000, 0x0000000087b00000| Complete 
| 124|0x0000000087c00000, 0x0000000087d00000, 0x0000000087d00000|100%|HS|  |TAMS 0x0000000087c00000, 0x0000000087c00000| Complete 
| 125|0x0000000087d00000, 0x0000000087e00000, 0x0000000087e00000|100%|HC|  |TAMS 0x0000000087d00000, 0x0000000087d00000| Complete 
| 126|0x0000000087e00000, 0x0000000087f00000, 0x0000000087f00000|100%| O|  |TAMS 0x0000000087f00000, 0x0000000087e00000| Complete 
| 127|0x0000000087f00000, 0x0000000088000000, 0x0000000088000000|100%| O|  |TAMS 0x0000000088000000, 0x0000000087f00000| Complete 
| 128|0x0000000088000000, 0x0000000088100000, 0x0000000088100000|100%|HS|  |TAMS 0x0000000088000000, 0x0000000088000000| Complete 
| 129|0x0000000088100000, 0x0000000088200000, 0x0000000088200000|100%|HC|  |TAMS 0x0000000088100000, 0x0000000088100000| Complete 
| 130|0x0000000088200000, 0x0000000088300000, 0x0000000088300000|100%|HC|  |TAMS 0x0000000088200000, 0x0000000088200000| Complete 
| 131|0x0000000088300000, 0x0000000088400000, 0x0000000088400000|100%| O|  |TAMS 0x0000000088400000, 0x0000000088300000| Complete 
| 132|0x0000000088400000, 0x0000000088500000, 0x0000000088500000|100%| O|  |TAMS 0x0000000088500000, 0x0000000088400000| Complete 
| 133|0x0000000088500000, 0x0000000088600000, 0x0000000088600000|100%|HS|  |TAMS 0x0000000088500000, 0x0000000088500000| Complete 
| 134|0x0000000088600000, 0x0000000088700000, 0x0000000088700000|100%|HC|  |TAMS 0x0000000088600000, 0x0000000088600000| Complete 
| 135|0x0000000088700000, 0x0000000088800000, 0x0000000088800000|100%|HS|  |TAMS 0x0000000088700000, 0x0000000088700000| Complete 
| 136|0x0000000088800000, 0x0000000088900000, 0x0000000088900000|100%|HC|  |TAMS 0x0000000088800000, 0x0000000088800000| Complete 
| 137|0x0000000088900000, 0x0000000088a00000, 0x0000000088a00000|100%|HS|  |TAMS 0x0000000088900000, 0x0000000088900000| Complete 
| 138|0x0000000088a00000, 0x0000000088b00000, 0x0000000088b00000|100%|HC|  |TAMS 0x0000000088a00000, 0x0000000088a00000| Complete 
| 139|0x0000000088b00000, 0x0000000088c00000, 0x0000000088c00000|100%|HS|  |TAMS 0x0000000088b00000, 0x0000000088b00000| Complete 
| 140|0x0000000088c00000, 0x0000000088d00000, 0x0000000088d00000|100%|HC|  |TAMS 0x0000000088c00000, 0x0000000088c00000| Complete 
| 141|0x0000000088d00000, 0x0000000088e00000, 0x0000000088e00000|100%|HS|  |TAMS 0x0000000088d00000, 0x0000000088d00000| Complete 
| 142|0x0000000088e00000, 0x0000000088f00000, 0x0000000088f00000|100%|HC|  |TAMS 0x0000000088e00000, 0x0000000088e00000| Complete 
| 143|0x0000000088f00000, 0x0000000089000000, 0x0000000089000000|100%|HS|  |TAMS 0x0000000088f00000, 0x0000000088f00000| Complete 
| 144|0x0000000089000000, 0x0000000089100000, 0x0000000089100000|100%|HC|  |TAMS 0x0000000089000000, 0x0000000089000000| Complete 
| 145|0x0000000089100000, 0x0000000089200000, 0x0000000089200000|100%|HS|  |TAMS 0x0000000089100000, 0x0000000089100000| Complete 
| 146|0x0000000089200000, 0x0000000089300000, 0x0000000089300000|100%|HC|  |TAMS 0x0000000089200000, 0x0000000089200000| Complete 
| 147|0x0000000089300000, 0x0000000089400000, 0x0000000089400000|100%|HS|  |TAMS 0x0000000089300000, 0x0000000089300000| Complete 
| 148|0x0000000089400000, 0x0000000089500000, 0x0000000089500000|100%|HC|  |TAMS 0x0000000089400000, 0x0000000089400000| Complete 
| 149|0x0000000089500000, 0x0000000089600000, 0x0000000089600000|100%|HS|  |TAMS 0x0000000089500000, 0x0000000089500000| Complete 
| 150|0x0000000089600000, 0x0000000089700000, 0x0000000089700000|100%|HC|  |TAMS 0x0000000089600000, 0x0000000089600000| Complete 
| 151|0x0000000089700000, 0x0000000089800000, 0x0000000089800000|100%|HS|  |TAMS 0x0000000089700000, 0x0000000089700000| Complete 
| 152|0x0000000089800000, 0x0000000089900000, 0x0000000089900000|100%|HC|  |TAMS 0x0000000089800000, 0x0000000089800000| Complete 
| 153|0x0000000089900000, 0x0000000089a00000, 0x0000000089a00000|100%|HS|  |TAMS 0x0000000089900000, 0x0000000089900000| Complete 
| 154|0x0000000089a00000, 0x0000000089b00000, 0x0000000089b00000|100%|HC|  |TAMS 0x0000000089a00000, 0x0000000089a00000| Complete 
| 155|0x0000000089b00000, 0x0000000089c00000, 0x0000000089c00000|100%|HS|  |TAMS 0x0000000089b00000, 0x0000000089b00000| Complete 
| 156|0x0000000089c00000, 0x0000000089d00000, 0x0000000089d00000|100%|HC|  |TAMS 0x0000000089c00000, 0x0000000089c00000| Complete 
| 157|0x0000000089d00000, 0x0000000089e00000, 0x0000000089e00000|100%|HS|  |TAMS 0x0000000089d00000, 0x0000000089d00000| Complete 
| 158|0x0000000089e00000, 0x0000000089f00000, 0x0000000089f00000|100%|HC|  |TAMS 0x0000000089e00000, 0x0000000089e00000| Complete 
| 159|0x0000000089f00000, 0x000000008a000000, 0x000000008a000000|100%|HS|  |TAMS 0x0000000089f00000, 0x0000000089f00000| Complete 
| 160|0x000000008a000000, 0x000000008a100000, 0x000000008a100000|100%|HC|  |TAMS 0x000000008a000000, 0x000000008a000000| Complete 
| 161|0x000000008a100000, 0x000000008a200000, 0x000000008a200000|100%|HS|  |TAMS 0x000000008a100000, 0x000000008a100000| Complete 
| 162|0x000000008a200000, 0x000000008a300000, 0x000000008a300000|100%|HC|  |TAMS 0x000000008a200000, 0x000000008a200000| Complete 
| 163|0x000000008a300000, 0x000000008a400000, 0x000000008a400000|100%|HS|  |TAMS 0x000000008a300000, 0x000000008a300000| Complete 
| 164|0x000000008a400000, 0x000000008a500000, 0x000000008a500000|100%|HC|  |TAMS 0x000000008a400000, 0x000000008a400000| Complete 
| 165|0x000000008a500000, 0x000000008a600000, 0x000000008a600000|100%|HS|  |TAMS 0x000000008a500000, 0x000000008a500000| Complete 
| 166|0x000000008a600000, 0x000000008a700000, 0x000000008a700000|100%|HC|  |TAMS 0x000000008a600000, 0x000000008a600000| Complete 
| 167|0x000000008a700000, 0x000000008a800000, 0x000000008a800000|100%|HS|  |TAMS 0x000000008a700000, 0x000000008a700000| Complete 
| 168|0x000000008a800000, 0x000000008a900000, 0x000000008a900000|100%|HC|  |TAMS 0x000000008a800000, 0x000000008a800000| Complete 
| 169|0x000000008a900000, 0x000000008aa00000, 0x000000008aa00000|100%|HS|  |TAMS 0x000000008a900000, 0x000000008a900000| Complete 
| 170|0x000000008aa00000, 0x000000008ab00000, 0x000000008ab00000|100%|HC|  |TAMS 0x000000008aa00000, 0x000000008aa00000| Complete 
| 171|0x000000008ab00000, 0x000000008ac00000, 0x000000008ac00000|100%|HS|  |TAMS 0x000000008ab00000, 0x000000008ab00000| Complete 
| 172|0x000000008ac00000, 0x000000008ad00000, 0x000000008ad00000|100%|HC|  |TAMS 0x000000008ac00000, 0x000000008ac00000| Complete 
| 173|0x000000008ad00000, 0x000000008ae00000, 0x000000008ae00000|100%|HS|  |TAMS 0x000000008ad00000, 0x000000008ad00000| Complete 
| 174|0x000000008ae00000, 0x000000008af00000, 0x000000008af00000|100%|HC|  |TAMS 0x000000008ae00000, 0x000000008ae00000| Complete 
| 175|0x000000008af00000, 0x000000008b000000, 0x000000008b000000|100%|HC|  |TAMS 0x000000008af00000, 0x000000008af00000| Complete 
| 176|0x000000008b000000, 0x000000008b100000, 0x000000008b100000|100%|HC|  |TAMS 0x000000008b000000, 0x000000008b000000| Complete 
| 177|0x000000008b100000, 0x000000008b200000, 0x000000008b200000|100%|HC|  |TAMS 0x000000008b100000, 0x000000008b100000| Complete 
| 178|0x000000008b200000, 0x000000008b300000, 0x000000008b300000|100%|HC|  |TAMS 0x000000008b200000, 0x000000008b200000| Complete 
| 179|0x000000008b300000, 0x000000008b400000, 0x000000008b400000|100%|HC|  |TAMS 0x000000008b300000, 0x000000008b300000| Complete 
| 180|0x000000008b400000, 0x000000008b500000, 0x000000008b500000|100%|HC|  |TAMS 0x000000008b400000, 0x000000008b400000| Complete 
| 181|0x000000008b500000, 0x000000008b600000, 0x000000008b600000|100%|HC|  |TAMS 0x000000008b500000, 0x000000008b500000| Complete 
| 182|0x000000008b600000, 0x000000008b700000, 0x000000008b700000|100%|HC|  |TAMS 0x000000008b600000, 0x000000008b600000| Complete 
| 183|0x000000008b700000, 0x000000008b800000, 0x000000008b800000|100%|HS|  |TAMS 0x000000008b700000, 0x000000008b700000| Complete 
| 184|0x000000008b800000, 0x000000008b900000, 0x000000008b900000|100%|HC|  |TAMS 0x000000008b800000, 0x000000008b800000| Complete 
| 185|0x000000008b900000, 0x000000008ba00000, 0x000000008ba00000|100%|HC|  |TAMS 0x000000008b900000, 0x000000008b900000| Complete 
| 186|0x000000008ba00000, 0x000000008bab0558, 0x000000008bb00000| 68%| E|  |TAMS 0x000000008ba00000, 0x000000008ba00000| Complete 
| 187|0x000000008bb00000, 0x000000008bc00000, 0x000000008bc00000|100%| E|CS|TAMS 0x000000008bb00000, 0x000000008bb00000| Complete 
| 188|0x000000008bc00000, 0x000000008bd00000, 0x000000008bd00000|100%| E|CS|TAMS 0x000000008bc00000, 0x000000008bc00000| Complete 
| 189|0x000000008bd00000, 0x000000008be00000, 0x000000008be00000|100%| E|CS|TAMS 0x000000008bd00000, 0x000000008bd00000| Complete 
| 190|0x000000008be00000, 0x000000008bf00000, 0x000000008bf00000|100%| E|CS|TAMS 0x000000008be00000, 0x000000008be00000| Complete 
| 191|0x000000008bf00000, 0x000000008c000000, 0x000000008c000000|100%| E|CS|TAMS 0x000000008bf00000, 0x000000008bf00000| Complete 
| 192|0x000000008c000000, 0x000000008c100000, 0x000000008c100000|100%| E|CS|TAMS 0x000000008c000000, 0x000000008c000000| Complete 
| 193|0x000000008c100000, 0x000000008c200000, 0x000000008c200000|100%| E|CS|TAMS 0x000000008c100000, 0x000000008c100000| Complete 
| 194|0x000000008c200000, 0x000000008c300000, 0x000000008c300000|100%| E|CS|TAMS 0x000000008c200000, 0x000000008c200000| Complete 
| 195|0x000000008c300000, 0x000000008c400000, 0x000000008c400000|100%| E|CS|TAMS 0x000000008c300000, 0x000000008c300000| Complete 
| 196|0x000000008c400000, 0x000000008c500000, 0x000000008c500000|100%| E|CS|TAMS 0x000000008c400000, 0x000000008c400000| Complete 
| 197|0x000000008c500000, 0x000000008c600000, 0x000000008c600000|100%| E|CS|TAMS 0x000000008c500000, 0x000000008c500000| Complete 
| 198|0x000000008c600000, 0x000000008c700000, 0x000000008c700000|100%| E|CS|TAMS 0x000000008c600000, 0x000000008c600000| Complete 
| 199|0x000000008c700000, 0x000000008c800000, 0x000000008c800000|100%| E|CS|TAMS 0x000000008c700000, 0x000000008c700000| Complete 
| 200|0x000000008c800000, 0x000000008c900000, 0x000000008c900000|100%| E|CS|TAMS 0x000000008c800000, 0x000000008c800000| Complete 
| 201|0x000000008c900000, 0x000000008ca00000, 0x000000008ca00000|100%| E|  |TAMS 0x000000008c900000, 0x000000008c900000| Complete 
| 202|0x000000008ca00000, 0x000000008cb00000, 0x000000008cb00000|100%| E|CS|TAMS 0x000000008ca00000, 0x000000008ca00000| Complete 
| 203|0x000000008cb00000, 0x000000008cc00000, 0x000000008cc00000|100%| E|CS|TAMS 0x000000008cb00000, 0x000000008cb00000| Complete 
| 204|0x000000008cc00000, 0x000000008cd00000, 0x000000008cd00000|100%| E|CS|TAMS 0x000000008cc00000, 0x000000008cc00000| Complete 
| 205|0x000000008cd00000, 0x000000008ce00000, 0x000000008ce00000|100%| E|CS|TAMS 0x000000008cd00000, 0x000000008cd00000| Complete 
| 206|0x000000008ce00000, 0x000000008cf00000, 0x000000008cf00000|100%| E|CS|TAMS 0x000000008ce00000, 0x000000008ce00000| Complete 
| 207|0x000000008cf00000, 0x000000008d000000, 0x000000008d000000|100%| E|CS|TAMS 0x000000008cf00000, 0x000000008cf00000| Complete 
| 208|0x000000008d000000, 0x000000008d100000, 0x000000008d100000|100%| E|CS|TAMS 0x000000008d000000, 0x000000008d000000| Complete 
| 209|0x000000008d100000, 0x000000008d200000, 0x000000008d200000|100%| E|CS|TAMS 0x000000008d100000, 0x000000008d100000| Complete 
| 210|0x000000008d200000, 0x000000008d300000, 0x000000008d300000|100%| E|CS|TAMS 0x000000008d200000, 0x000000008d200000| Complete 
| 211|0x000000008d300000, 0x000000008d400000, 0x000000008d400000|100%| E|CS|TAMS 0x000000008d300000, 0x000000008d300000| Complete 
| 212|0x000000008d400000, 0x000000008d500000, 0x000000008d500000|100%| E|CS|TAMS 0x000000008d400000, 0x000000008d400000| Complete 
| 213|0x000000008d500000, 0x000000008d600000, 0x000000008d600000|100%| E|CS|TAMS 0x000000008d500000, 0x000000008d500000| Complete 
| 214|0x000000008d600000, 0x000000008d700000, 0x000000008d700000|100%| E|CS|TAMS 0x000000008d600000, 0x000000008d600000| Complete 
| 215|0x000000008d700000, 0x000000008d800000, 0x000000008d800000|100%| E|CS|TAMS 0x000000008d700000, 0x000000008d700000| Complete 
| 216|0x000000008d800000, 0x000000008d900000, 0x000000008d900000|100%| E|CS|TAMS 0x000000008d800000, 0x000000008d800000| Complete 
| 217|0x000000008d900000, 0x000000008da00000, 0x000000008da00000|100%| E|CS|TAMS 0x000000008d900000, 0x000000008d900000| Complete 
| 218|0x000000008da00000, 0x000000008db00000, 0x000000008db00000|100%| E|CS|TAMS 0x000000008da00000, 0x000000008da00000| Complete 
| 219|0x000000008db00000, 0x000000008dc00000, 0x000000008dc00000|100%| E|CS|TAMS 0x000000008db00000, 0x000000008db00000| Complete 
| 220|0x000000008dc00000, 0x000000008dd00000, 0x000000008dd00000|100%| E|CS|TAMS 0x000000008dc00000, 0x000000008dc00000| Complete 
| 221|0x000000008dd00000, 0x000000008de00000, 0x000000008de00000|100%| E|CS|TAMS 0x000000008dd00000, 0x000000008dd00000| Complete 
| 222|0x000000008de00000, 0x000000008df00000, 0x000000008df00000|100%| E|CS|TAMS 0x000000008de00000, 0x000000008de00000| Complete 
| 223|0x000000008df00000, 0x000000008e000000, 0x000000008e000000|100%| E|CS|TAMS 0x000000008df00000, 0x000000008df00000| Complete 
| 224|0x000000008e000000, 0x000000008e100000, 0x000000008e100000|100%| E|CS|TAMS 0x000000008e000000, 0x000000008e000000| Complete 
| 225|0x000000008e100000, 0x000000008e200000, 0x000000008e200000|100%| E|CS|TAMS 0x000000008e100000, 0x000000008e100000| Complete 
| 226|0x000000008e200000, 0x000000008e300000, 0x000000008e300000|100%| E|CS|TAMS 0x000000008e200000, 0x000000008e200000| Complete 
| 227|0x000000008e300000, 0x000000008e400000, 0x000000008e400000|100%| E|CS|TAMS 0x000000008e300000, 0x000000008e300000| Complete 
| 228|0x000000008e400000, 0x000000008e500000, 0x000000008e500000|100%| E|CS|TAMS 0x000000008e400000, 0x000000008e400000| Complete 
| 229|0x000000008e500000, 0x000000008e600000, 0x000000008e600000|100%| E|CS|TAMS 0x000000008e500000, 0x000000008e500000| Complete 
| 230|0x000000008e600000, 0x000000008e700000, 0x000000008e700000|100%| E|CS|TAMS 0x000000008e600000, 0x000000008e600000| Complete 
| 231|0x000000008e700000, 0x000000008e800000, 0x000000008e800000|100%| E|CS|TAMS 0x000000008e700000, 0x000000008e700000| Complete 
| 232|0x000000008e800000, 0x000000008e900000, 0x000000008e900000|100%| E|CS|TAMS 0x000000008e800000, 0x000000008e800000| Complete 
| 233|0x000000008e900000, 0x000000008ea00000, 0x000000008ea00000|100%| E|CS|TAMS 0x000000008e900000, 0x000000008e900000| Complete 
| 234|0x000000008ea00000, 0x000000008eb00000, 0x000000008eb00000|100%| E|CS|TAMS 0x000000008ea00000, 0x000000008ea00000| Complete 
| 235|0x000000008eb00000, 0x000000008ec00000, 0x000000008ec00000|100%| E|CS|TAMS 0x000000008eb00000, 0x000000008eb00000| Complete 
| 236|0x000000008ec00000, 0x000000008ed00000, 0x000000008ed00000|100%| E|CS|TAMS 0x000000008ec00000, 0x000000008ec00000| Complete 
| 237|0x000000008ed00000, 0x000000008ee00000, 0x000000008ee00000|100%| E|CS|TAMS 0x000000008ed00000, 0x000000008ed00000| Complete 
| 238|0x000000008ee00000, 0x000000008eef6000, 0x000000008ef00000| 96%| S|CS|TAMS 0x000000008ee00000, 0x000000008ee00000| Complete 
| 239|0x000000008ef00000, 0x000000008f000000, 0x000000008f000000|100%| S|CS|TAMS 0x000000008ef00000, 0x000000008ef00000| Complete 
| 240|0x000000008f000000, 0x000000008f100000, 0x000000008f100000|100%| S|CS|TAMS 0x000000008f000000, 0x000000008f000000| Complete 
| 241|0x000000008f100000, 0x000000008f200000, 0x000000008f200000|100%| S|CS|TAMS 0x000000008f100000, 0x000000008f100000| Complete 
| 242|0x000000008f200000, 0x000000008f300000, 0x000000008f300000|100%| S|CS|TAMS 0x000000008f200000, 0x000000008f200000| Complete 
| 243|0x000000008f300000, 0x000000008f400000, 0x000000008f400000|100%| S|CS|TAMS 0x000000008f300000, 0x000000008f300000| Complete 
| 244|0x000000008f400000, 0x000000008f500000, 0x000000008f500000|100%| S|CS|TAMS 0x000000008f400000, 0x000000008f400000| Complete 
| 245|0x000000008f500000, 0x000000008f600000, 0x000000008f600000|100%| S|CS|TAMS 0x000000008f500000, 0x000000008f500000| Complete 
| 246|0x000000008f600000, 0x000000008f700000, 0x000000008f700000|100%| E|CS|TAMS 0x000000008f600000, 0x000000008f600000| Complete 
| 247|0x000000008f700000, 0x000000008f800000, 0x000000008f800000|100%| E|CS|TAMS 0x000000008f700000, 0x000000008f700000| Complete 
| 248|0x000000008f800000, 0x000000008f900000, 0x000000008f900000|100%| E|CS|TAMS 0x000000008f800000, 0x000000008f800000| Complete 
| 249|0x000000008f900000, 0x000000008fa00000, 0x000000008fa00000|100%| E|CS|TAMS 0x000000008f900000, 0x000000008f900000| Complete 
| 250|0x000000008fa00000, 0x000000008fb00000, 0x000000008fb00000|100%| E|CS|TAMS 0x000000008fa00000, 0x000000008fa00000| Complete 
| 251|0x000000008fb00000, 0x000000008fc00000, 0x000000008fc00000|100%| E|CS|TAMS 0x000000008fb00000, 0x000000008fb00000| Complete 
| 252|0x000000008fc00000, 0x000000008fd00000, 0x000000008fd00000|100%| E|CS|TAMS 0x000000008fc00000, 0x000000008fc00000| Complete 
| 253|0x000000008fd00000, 0x000000008fe00000, 0x000000008fe00000|100%| E|CS|TAMS 0x000000008fd00000, 0x000000008fd00000| Complete 
| 254|0x000000008fe00000, 0x000000008ff00000, 0x000000008ff00000|100%| E|CS|TAMS 0x000000008fe00000, 0x000000008fe00000| Complete 
| 255|0x000000008ff00000, 0x0000000090000000, 0x0000000090000000|100%| E|CS|TAMS 0x000000008ff00000, 0x000000008ff00000| Complete 
| 256|0x0000000090000000, 0x0000000090100000, 0x0000000090100000|100%| E|CS|TAMS 0x0000000090000000, 0x0000000090000000| Complete 
| 257|0x0000000090100000, 0x0000000090200000, 0x0000000090200000|100%| E|CS|TAMS 0x0000000090100000, 0x0000000090100000| Complete 
| 258|0x0000000090200000, 0x0000000090300000, 0x0000000090300000|100%| E|CS|TAMS 0x0000000090200000, 0x0000000090200000| Complete 
| 259|0x0000000090300000, 0x0000000090400000, 0x0000000090400000|100%| E|CS|TAMS 0x0000000090300000, 0x0000000090300000| Complete 
| 260|0x0000000090400000, 0x0000000090500000, 0x0000000090500000|100%| E|CS|TAMS 0x0000000090400000, 0x0000000090400000| Complete 
| 261|0x0000000090500000, 0x0000000090600000, 0x0000000090600000|100%| E|CS|TAMS 0x0000000090500000, 0x0000000090500000| Complete 
| 262|0x0000000090600000, 0x0000000090700000, 0x0000000090700000|100%| E|CS|TAMS 0x0000000090600000, 0x0000000090600000| Complete 
| 263|0x0000000090700000, 0x0000000090800000, 0x0000000090800000|100%| E|CS|TAMS 0x0000000090700000, 0x0000000090700000| Complete 
| 264|0x0000000090800000, 0x0000000090900000, 0x0000000090900000|100%| E|CS|TAMS 0x0000000090800000, 0x0000000090800000| Complete 
| 265|0x0000000090900000, 0x0000000090a00000, 0x0000000090a00000|100%| E|CS|TAMS 0x0000000090900000, 0x0000000090900000| Complete 
| 266|0x0000000090a00000, 0x0000000090b00000, 0x0000000090b00000|100%| E|CS|TAMS 0x0000000090a00000, 0x0000000090a00000| Complete 
| 267|0x0000000090b00000, 0x0000000090c00000, 0x0000000090c00000|100%| E|CS|TAMS 0x0000000090b00000, 0x0000000090b00000| Complete 
| 268|0x0000000090c00000, 0x0000000090d00000, 0x0000000090d00000|100%| E|CS|TAMS 0x0000000090c00000, 0x0000000090c00000| Complete 
| 269|0x0000000090d00000, 0x0000000090e00000, 0x0000000090e00000|100%| E|CS|TAMS 0x0000000090d00000, 0x0000000090d00000| Complete 
| 270|0x0000000090e00000, 0x0000000090f00000, 0x0000000090f00000|100%| E|CS|TAMS 0x0000000090e00000, 0x0000000090e00000| Complete 
| 271|0x0000000090f00000, 0x0000000091000000, 0x0000000091000000|100%| E|CS|TAMS 0x0000000090f00000, 0x0000000090f00000| Complete 
| 272|0x0000000091000000, 0x0000000091100000, 0x0000000091100000|100%| E|CS|TAMS 0x0000000091000000, 0x0000000091000000| Complete 
| 273|0x0000000091100000, 0x0000000091200000, 0x0000000091200000|100%| E|CS|TAMS 0x0000000091100000, 0x0000000091100000| Complete 
| 274|0x0000000091200000, 0x0000000091300000, 0x0000000091300000|100%| E|CS|TAMS 0x0000000091200000, 0x0000000091200000| Complete 
| 275|0x0000000091300000, 0x0000000091400000, 0x0000000091400000|100%| E|CS|TAMS 0x0000000091300000, 0x0000000091300000| Complete 
| 276|0x0000000091400000, 0x0000000091500000, 0x0000000091500000|100%| E|CS|TAMS 0x0000000091400000, 0x0000000091400000| Complete 
| 277|0x0000000091500000, 0x0000000091600000, 0x0000000091600000|100%| E|CS|TAMS 0x0000000091500000, 0x0000000091500000| Complete 
| 278|0x0000000091600000, 0x0000000091700000, 0x0000000091700000|100%|HS|  |TAMS 0x0000000091600000, 0x0000000091600000| Complete 
| 279|0x0000000091700000, 0x0000000091800000, 0x0000000091800000|100%|HC|  |TAMS 0x0000000091700000, 0x0000000091700000| Complete 
| 280|0x0000000091800000, 0x0000000091900000, 0x0000000091900000|100%|HC|  |TAMS 0x0000000091800000, 0x0000000091800000| Complete 
| 281|0x0000000091900000, 0x0000000091a00000, 0x0000000091a00000|100%|HC|  |TAMS 0x0000000091900000, 0x0000000091900000| Complete 
| 282|0x0000000091a00000, 0x0000000091b00000, 0x0000000091b00000|100%|HC|  |TAMS 0x0000000091a00000, 0x0000000091a00000| Complete 
| 283|0x0000000091b00000, 0x0000000091c00000, 0x0000000091c00000|100%|HC|  |TAMS 0x0000000091b00000, 0x0000000091b00000| Complete 
| 284|0x0000000091c00000, 0x0000000091d00000, 0x0000000091d00000|100%|HC|  |TAMS 0x0000000091c00000, 0x0000000091c00000| Complete 
| 285|0x0000000091d00000, 0x0000000091e00000, 0x0000000091e00000|100%|HC|  |TAMS 0x0000000091d00000, 0x0000000091d00000| Complete 
| 286|0x0000000091e00000, 0x0000000091f00000, 0x0000000091f00000|100%|HC|  |TAMS 0x0000000091e00000, 0x0000000091e00000| Complete 
| 287|0x0000000091f00000, 0x0000000092000000, 0x0000000092000000|100%|HC|  |TAMS 0x0000000091f00000, 0x0000000091f00000| Complete 
| 288|0x0000000092000000, 0x0000000092100000, 0x0000000092100000|100%|HS|  |TAMS 0x0000000092000000, 0x0000000092000000| Complete 
| 289|0x0000000092100000, 0x0000000092200000, 0x0000000092200000|100%|HC|  |TAMS 0x0000000092100000, 0x0000000092100000| Complete 
| 290|0x0000000092200000, 0x0000000092300000, 0x0000000092300000|100%|HS|  |TAMS 0x0000000092200000, 0x0000000092200000| Complete 
| 291|0x0000000092300000, 0x0000000092400000, 0x0000000092400000|100%|HC|  |TAMS 0x0000000092300000, 0x0000000092300000| Complete 
| 292|0x0000000092400000, 0x0000000092500000, 0x0000000092500000|100%|HS|  |TAMS 0x0000000092400000, 0x0000000092400000| Complete 
| 293|0x0000000092500000, 0x0000000092600000, 0x0000000092600000|100%|HC|  |TAMS 0x0000000092500000, 0x0000000092500000| Complete 
| 294|0x0000000092600000, 0x0000000092700000, 0x0000000092700000|100%|HS|  |TAMS 0x0000000092600000, 0x0000000092600000| Complete 
| 295|0x0000000092700000, 0x0000000092800000, 0x0000000092800000|100%|HC|  |TAMS 0x0000000092700000, 0x0000000092700000| Complete 
| 296|0x0000000092800000, 0x0000000092900000, 0x0000000092900000|100%|HS|  |TAMS 0x0000000092800000, 0x0000000092800000| Complete 
| 297|0x0000000092900000, 0x0000000092a00000, 0x0000000092a00000|100%|HC|  |TAMS 0x0000000092900000, 0x0000000092900000| Complete 
| 298|0x0000000092a00000, 0x0000000092b00000, 0x0000000092b00000|100%|HS|  |TAMS 0x0000000092a00000, 0x0000000092a00000| Complete 
| 299|0x0000000092b00000, 0x0000000092c00000, 0x0000000092c00000|100%|HC|  |TAMS 0x0000000092b00000, 0x0000000092b00000| Complete 
| 300|0x0000000092c00000, 0x0000000092d00000, 0x0000000092d00000|100%|HS|  |TAMS 0x0000000092c00000, 0x0000000092c00000| Complete 
| 301|0x0000000092d00000, 0x0000000092e00000, 0x0000000092e00000|100%|HC|  |TAMS 0x0000000092d00000, 0x0000000092d00000| Complete 
| 302|0x0000000092e00000, 0x0000000092f00000, 0x0000000092f00000|100%|HS|  |TAMS 0x0000000092e00000, 0x0000000092e00000| Complete 
| 303|0x0000000092f00000, 0x0000000093000000, 0x0000000093000000|100%|HC|  |TAMS 0x0000000092f00000, 0x0000000092f00000| Complete 
| 304|0x0000000093000000, 0x0000000093100000, 0x0000000093100000|100%|HS|  |TAMS 0x0000000093000000, 0x0000000093000000| Complete 
| 305|0x0000000093100000, 0x0000000093200000, 0x0000000093200000|100%|HC|  |TAMS 0x0000000093100000, 0x0000000093100000| Complete 
| 306|0x0000000093200000, 0x0000000093300000, 0x0000000093300000|100%|HS|  |TAMS 0x0000000093200000, 0x0000000093200000| Complete 
| 307|0x0000000093300000, 0x0000000093400000, 0x0000000093400000|100%|HC|  |TAMS 0x0000000093300000, 0x0000000093300000| Complete 
| 308|0x0000000093400000, 0x0000000093500000, 0x0000000093500000|100%|HS|  |TAMS 0x0000000093400000, 0x0000000093400000| Complete 
| 309|0x0000000093500000, 0x0000000093600000, 0x0000000093600000|100%|HC|  |TAMS 0x0000000093500000, 0x0000000093500000| Complete 
| 310|0x0000000093600000, 0x0000000093700000, 0x0000000093700000|100%|HS|  |TAMS 0x0000000093600000, 0x0000000093600000| Complete 
| 311|0x0000000093700000, 0x0000000093800000, 0x0000000093800000|100%|HC|  |TAMS 0x0000000093700000, 0x0000000093700000| Complete 
| 312|0x0000000093800000, 0x0000000093900000, 0x0000000093900000|100%|HS|  |TAMS 0x0000000093800000, 0x0000000093800000| Complete 
| 313|0x0000000093900000, 0x0000000093a00000, 0x0000000093a00000|100%|HC|  |TAMS 0x0000000093900000, 0x0000000093900000| Complete 
| 314|0x0000000093a00000, 0x0000000093b00000, 0x0000000093b00000|100%|HS|  |TAMS 0x0000000093a00000, 0x0000000093a00000| Complete 
| 315|0x0000000093b00000, 0x0000000093c00000, 0x0000000093c00000|100%|HC|  |TAMS 0x0000000093b00000, 0x0000000093b00000| Complete 
| 316|0x0000000093c00000, 0x0000000093d00000, 0x0000000093d00000|100%|HS|  |TAMS 0x0000000093c00000, 0x0000000093c00000| Complete 
| 317|0x0000000093d00000, 0x0000000093e00000, 0x0000000093e00000|100%|HC|  |TAMS 0x0000000093d00000, 0x0000000093d00000| Complete 
| 318|0x0000000093e00000, 0x0000000093f00000, 0x0000000093f00000|100%|HS|  |TAMS 0x0000000093e00000, 0x0000000093e00000| Complete 
| 319|0x0000000093f00000, 0x0000000094000000, 0x0000000094000000|100%|HC|  |TAMS 0x0000000093f00000, 0x0000000093f00000| Complete 
| 320|0x0000000094000000, 0x0000000094100000, 0x0000000094100000|100%|HS|  |TAMS 0x0000000094000000, 0x0000000094000000| Complete 
| 321|0x0000000094100000, 0x0000000094200000, 0x0000000094200000|100%|HC|  |TAMS 0x0000000094100000, 0x0000000094100000| Complete 
| 322|0x0000000094200000, 0x0000000094300000, 0x0000000094300000|100%|HS|  |TAMS 0x0000000094200000, 0x0000000094200000| Complete 
| 323|0x0000000094300000, 0x0000000094400000, 0x0000000094400000|100%|HC|  |TAMS 0x0000000094300000, 0x0000000094300000| Complete 
| 324|0x0000000094400000, 0x0000000094500000, 0x0000000094500000|100%|HS|  |TAMS 0x0000000094400000, 0x0000000094400000| Complete 
| 325|0x0000000094500000, 0x0000000094600000, 0x0000000094600000|100%|HC|  |TAMS 0x0000000094500000, 0x0000000094500000| Complete 
| 326|0x0000000094600000, 0x0000000094700000, 0x0000000094700000|100%|HS|  |TAMS 0x0000000094600000, 0x0000000094600000| Complete 
| 327|0x0000000094700000, 0x0000000094800000, 0x0000000094800000|100%|HC|  |TAMS 0x0000000094700000, 0x0000000094700000| Complete 
| 328|0x0000000094800000, 0x0000000094900000, 0x0000000094900000|100%|HS|  |TAMS 0x0000000094800000, 0x0000000094800000| Complete 
| 329|0x0000000094900000, 0x0000000094a00000, 0x0000000094a00000|100%|HC|  |TAMS 0x0000000094900000, 0x0000000094900000| Complete 
| 330|0x0000000094a00000, 0x0000000094b00000, 0x0000000094b00000|100%|HS|  |TAMS 0x0000000094a00000, 0x0000000094a00000| Complete 
| 331|0x0000000094b00000, 0x0000000094c00000, 0x0000000094c00000|100%|HC|  |TAMS 0x0000000094b00000, 0x0000000094b00000| Complete 
| 332|0x0000000094c00000, 0x0000000094d00000, 0x0000000094d00000|100%|HS|  |TAMS 0x0000000094c00000, 0x0000000094c00000| Complete 
| 333|0x0000000094d00000, 0x0000000094e00000, 0x0000000094e00000|100%|HC|  |TAMS 0x0000000094d00000, 0x0000000094d00000| Complete 
| 334|0x0000000094e00000, 0x0000000094f00000, 0x0000000094f00000|100%|HS|  |TAMS 0x0000000094e00000, 0x0000000094e00000| Complete 
| 335|0x0000000094f00000, 0x0000000095000000, 0x0000000095000000|100%|HC|  |TAMS 0x0000000094f00000, 0x0000000094f00000| Complete 
| 336|0x0000000095000000, 0x0000000095100000, 0x0000000095100000|100%|HS|  |TAMS 0x0000000095000000, 0x0000000095000000| Complete 
| 337|0x0000000095100000, 0x0000000095200000, 0x0000000095200000|100%|HC|  |TAMS 0x0000000095100000, 0x0000000095100000| Complete 

Card table byte_map: [0x000001b86c960000,0x000001b86cd60000] _byte_map_base: 0x000001b86c560000

Marking Bits (Prev, Next): (CMBitMap*) 0x000001b859ae5738, (CMBitMap*) 0x000001b859ae5770
 Prev Bits: [0x000001b86d160000, 0x000001b86f160000)
 Next Bits: [0x000001b86f160000, 0x000001b871160000)

Polling page: 0x000001b8579a0000

Metaspace:

Usage:
  Non-class:    102.00 MB capacity,    99.86 MB ( 98%) used,     1.73 MB (  2%) free+waste,   418.81 KB ( <1%) overhead. 
      Class:     15.89 MB capacity,    14.60 MB ( 92%) used,     1.11 MB (  7%) free+waste,   186.31 KB (  1%) overhead. 
       Both:    117.90 MB capacity,   114.46 MB ( 97%) used,     2.85 MB (  2%) free+waste,   605.13 KB ( <1%) overhead. 

Virtual space:
  Non-class space:      104.00 MB reserved,     102.30 MB ( 98%) committed 
      Class space:        1.00 GB reserved,      15.97 MB (  2%) committed 
             Both:        1.10 GB reserved,     118.27 MB ( 10%) committed 

Chunk freelists:
   Non-Class:  107.00 KB
       Class:  78.00 KB
        Both:  185.00 KB

MaxMetaspaceSize: 17179869184.00 GB
CompressedClassSpaceSize: 1.00 GB
Initial GC threshold: 20.80 MB
Current GC threshold: 197.11 MB
CDS: off

CodeHeap 'non-profiled nmethods': size=120064Kb used=13265Kb max_used=13265Kb free=106798Kb
 bounds [0x000001b865020000, 0x000001b865d20000, 0x000001b86c560000]
CodeHeap 'profiled nmethods': size=120000Kb used=42917Kb max_used=42917Kb free=77082Kb
 bounds [0x000001b85daf0000, 0x000001b8604e0000, 0x000001b865020000]
CodeHeap 'non-nmethods': size=5696Kb used=2442Kb max_used=2519Kb free=3254Kb
 bounds [0x000001b85d560000, 0x000001b85d7e0000, 0x000001b85daf0000]
 total_blobs=20647 nmethods=19685 adapters=873
 compilation: enabled
              stopped_count=0, restarted_count=0
 full_count=0

Compilation events (20 events):
Event: 1332.436 Thread 0x000001b873f3b000 20676       4       java.nio.channels.spi.AbstractInterruptibleChannel::end (53 bytes)
Event: 1332.436 Thread 0x000001b873f3c800 20677   !   3       sun.nio.ch.FileChannelImpl$Unmapper::<init> (93 bytes)
Event: 1332.437 Thread 0x000001b873f3c800 nmethod 20677 0x000001b8604d5510 code [0x000001b8604d56e0, 0x000001b8604d5a78]
Event: 1332.437 Thread 0x000001b873f3c800 20678   !   3       sun.nio.ch.Util::newMappedByteBufferR (65 bytes)
Event: 1332.438 Thread 0x000001b873f3c800 nmethod 20678 0x000001b8604d5b90 code [0x000001b8604d5e80, 0x000001b8604d7048]
Event: 1332.440 Thread 0x000001b873f3b000 nmethod 20676 0x000001b865d11b90 code [0x000001b865d11d40, 0x000001b865d12058]
Event: 1332.446 Thread 0x000001b879968000 20679   !   4       sun.nio.ch.FileChannelImpl::position (258 bytes)
Event: 1332.473 Thread 0x000001b879968000 nmethod 20679 0x000001b865d12210 code [0x000001b865d12420, 0x000001b865d13810]
Event: 1332.513 Thread 0x000001b873f3c800 20680       3       java.util.zip.DeflaterOutputStream::deflate (36 bytes)
Event: 1332.513 Thread 0x000001b873f3c800 nmethod 20680 0x000001b8604d7890 code [0x000001b8604d7a60, 0x000001b8604d7d38]
Event: 1332.528 Thread 0x000001b873f3c800 20681       3       com.android.zipflinger.CentralDirectoryRecord::getSize (27 bytes)
Event: 1332.529 Thread 0x000001b873f3c800 nmethod 20681 0x000001b8604d7e90 code [0x000001b8604d8040, 0x000001b8604d81b8]
Event: 1332.529 Thread 0x000001b873f3c800 20682       3       com.android.zipflinger.CentralDirectoryRecord::write (234 bytes)
Event: 1332.530 Thread 0x000001b873f3c800 nmethod 20682 0x000001b8604d8290 code [0x000001b8604d8660, 0x000001b8604d9fc8]
Event: 1332.530 Thread 0x000001b873f3c800 20683       3       com.android.zipflinger.CentralDirectoryRecord::buildExtraField (77 bytes)
Event: 1332.531 Thread 0x000001b873f3c800 nmethod 20683 0x000001b8604da710 code [0x000001b8604da980, 0x000001b8604db4c8]
Event: 1332.559 Thread 0x000001b873f3c800 20684   !   3       com.android.apksig.internal.util.FileChannelDataSource::size (27 bytes)
Event: 1332.559 Thread 0x000001b873f3c800 nmethod 20684 0x000001b8604db810 code [0x000001b8604db9e0, 0x000001b8604dbc28]
Event: 1332.587 Thread 0x000001b873f3c800 20685       1       com.android.apksig.internal.apk.ApkSigningBlockUtils$ChunkDigests::access$400 (5 bytes)
Event: 1332.587 Thread 0x000001b873f3c800 nmethod 20685 0x000001b865d14310 code [0x000001b865d144c0, 0x000001b865d14558]

GC Heap History (20 events):
Event: 26.563 GC heap before
{Heap before GC invocations=22 (full 0):
 garbage-first heap   total 284672K, used 125865K [0x0000000080000000, 0x0000000100000000)
  region size 1024K, 25 young (25600K), 8 survivors (8192K)
 Metaspace       used 98090K, capacity 100905K, committed 101036K, reserved 1136640K
  class space    used 12666K, capacity 13699K, committed 13792K, reserved 1048576K
}
Event: 26.579 GC heap after
{Heap after GC invocations=23 (full 0):
 garbage-first heap   total 284672K, used 109285K [0x0000000080000000, 0x0000000100000000)
  region size 1024K, 8 young (8192K), 8 survivors (8192K)
 Metaspace       used 98090K, capacity 100905K, committed 101036K, reserved 1136640K
  class space    used 12666K, capacity 13699K, committed 13792K, reserved 1048576K
}
Event: 28.679 GC heap before
{Heap before GC invocations=24 (full 0):
 garbage-first heap   total 284672K, used 202469K [0x0000000080000000, 0x0000000100000000)
  region size 1024K, 100 young (102400K), 8 survivors (8192K)
 Metaspace       used 109424K, capacity 112853K, committed 113040K, reserved 1146880K
  class space    used 14423K, capacity 15697K, committed 15712K, reserved 1048576K
}
Event: 28.698 GC heap after
{Heap after GC invocations=25 (full 0):
 garbage-first heap   total 284672K, used 112581K [0x0000000080000000, 0x0000000100000000)
  region size 1024K, 5 young (5120K), 5 survivors (5120K)
 Metaspace       used 109424K, capacity 112853K, committed 113040K, reserved 1146880K
  class space    used 14423K, capacity 15697K, committed 15712K, reserved 1048576K
}
Event: 29.443 GC heap before
{Heap before GC invocations=26 (full 0):
 garbage-first heap   total 284672K, used 168901K [0x0000000080000000, 0x0000000100000000)
  region size 1024K, 42 young (43008K), 5 survivors (5120K)
 Metaspace       used 111889K, capacity 115352K, committed 115472K, reserved 1148928K
  class space    used 14725K, capacity 16025K, committed 16096K, reserved 1048576K
}
Event: 29.457 GC heap after
{Heap after GC invocations=27 (full 0):
 garbage-first heap   total 284672K, used 121321K [0x0000000080000000, 0x0000000100000000)
  region size 1024K, 7 young (7168K), 7 survivors (7168K)
 Metaspace       used 111889K, capacity 115352K, committed 115472K, reserved 1148928K
  class space    used 14725K, capacity 16025K, committed 16096K, reserved 1048576K
}
Event: 1055.347 GC heap before
{Heap before GC invocations=28 (full 0):
 garbage-first heap   total 284672K, used 252393K [0x0000000080000000, 0x0000000100000000)
  region size 1024K, 99 young (101376K), 7 survivors (7168K)
 Metaspace       used 113556K, capacity 117106K, committed 117136K, reserved 1150976K
  class space    used 14851K, capacity 16195K, committed 16224K, reserved 1048576K
}
Event: 1055.367 GC heap after
{Heap after GC invocations=29 (full 0):
 garbage-first heap   total 284672K, used 115133K [0x0000000080000000, 0x0000000100000000)
  region size 1024K, 13 young (13312K), 13 survivors (13312K)
 Metaspace       used 113556K, capacity 117106K, committed 117136K, reserved 1150976K
  class space    used 14851K, capacity 16195K, committed 16224K, reserved 1048576K
}
Event: 1058.311 GC heap before
{Heap before GC invocations=29 (full 0):
 garbage-first heap   total 284672K, used 217533K [0x0000000080000000, 0x0000000100000000)
  region size 1024K, 111 young (113664K), 13 survivors (13312K)
 Metaspace       used 114797K, capacity 118311K, committed 118544K, reserved 1150976K
  class space    used 14917K, capacity 16271K, committed 16352K, reserved 1048576K
}
Event: 1058.331 GC heap after
{Heap after GC invocations=30 (full 0):
 garbage-first heap   total 284672K, used 120309K [0x0000000080000000, 0x0000000100000000)
  region size 1024K, 11 young (11264K), 11 survivors (11264K)
 Metaspace       used 114797K, capacity 118311K, committed 118544K, reserved 1150976K
  class space    used 14917K, capacity 16271K, committed 16352K, reserved 1048576K
}
Event: 1059.518 GC heap before
{Heap before GC invocations=30 (full 0):
 garbage-first heap   total 284672K, used 158197K [0x0000000080000000, 0x0000000100000000)
  region size 1024K, 32 young (32768K), 11 survivors (11264K)
 Metaspace       used 115541K, capacity 119124K, committed 119312K, reserved 1153024K
  class space    used 14935K, capacity 16287K, committed 16352K, reserved 1048576K
}
Event: 1059.534 GC heap after
{Heap after GC invocations=31 (full 0):
 garbage-first heap   total 284672K, used 124284K [0x0000000080000000, 0x0000000100000000)
  region size 1024K, 3 young (3072K), 3 survivors (3072K)
 Metaspace       used 115541K, capacity 119124K, committed 119312K, reserved 1153024K
  class space    used 14935K, capacity 16287K, committed 16352K, reserved 1048576K
}
Event: 1262.026 GC heap before
{Heap before GC invocations=32 (full 0):
 garbage-first heap   total 284672K, used 272764K [0x0000000080000000, 0x0000000100000000)
  region size 1024K, 104 young (106496K), 3 survivors (3072K)
 Metaspace       used 115938K, capacity 119376K, committed 119824K, reserved 1153024K
  class space    used 14888K, capacity 16205K, committed 16352K, reserved 1048576K
}
Event: 1262.034 GC heap after
{Heap after GC invocations=33 (full 0):
 garbage-first heap   total 284672K, used 118603K [0x0000000080000000, 0x0000000100000000)
  region size 1024K, 4 young (4096K), 4 survivors (4096K)
 Metaspace       used 115938K, capacity 119376K, committed 119824K, reserved 1153024K
  class space    used 14888K, capacity 16205K, committed 16352K, reserved 1048576K
}
Event: 1262.171 GC heap before
{Heap before GC invocations=33 (full 0):
 garbage-first heap   total 284672K, used 126795K [0x0000000080000000, 0x0000000100000000)
  region size 1024K, 13 young (13312K), 4 survivors (4096K)
 Metaspace       used 115963K, capacity 119391K, committed 119824K, reserved 1153024K
  class space    used 14889K, capacity 16207K, committed 16352K, reserved 1048576K
}
Event: 1262.183 GC heap after
{Heap after GC invocations=34 (full 0):
 garbage-first heap   total 284672K, used 115325K [0x0000000080000000, 0x0000000100000000)
  region size 1024K, 2 young (2048K), 2 survivors (2048K)
 Metaspace       used 115963K, capacity 119391K, committed 119824K, reserved 1153024K
  class space    used 14889K, capacity 16207K, committed 16352K, reserved 1048576K
}
Event: 1266.534 GC heap before
{Heap before GC invocations=34 (full 0):
 garbage-first heap   total 284672K, used 227965K [0x0000000080000000, 0x0000000100000000)
  region size 1024K, 111 young (113664K), 2 survivors (2048K)
 Metaspace       used 117073K, capacity 120661K, committed 120848K, reserved 1155072K
  class space    used 14974K, capacity 16317K, committed 16352K, reserved 1048576K
}
Event: 1266.546 GC heap after
{Heap after GC invocations=35 (full 0):
 garbage-first heap   total 284672K, used 123410K [0x0000000080000000, 0x0000000100000000)
  region size 1024K, 8 young (8192K), 8 survivors (8192K)
 Metaspace       used 117073K, capacity 120661K, committed 120848K, reserved 1155072K
  class space    used 14974K, capacity 16317K, committed 16352K, reserved 1048576K
}
Event: 1267.857 GC heap before
{Heap before GC invocations=35 (full 0):
 garbage-first heap   total 284672K, used 166418K [0x0000000080000000, 0x0000000100000000)
  region size 1024K, 40 young (40960K), 8 survivors (8192K)
 Metaspace       used 117300K, capacity 120843K, committed 121104K, reserved 1155072K
  class space    used 14980K, capacity 16327K, committed 16352K, reserved 1048576K
}
Event: 1267.889 GC heap after
{Heap after GC invocations=36 (full 0):
 garbage-first heap   total 284672K, used 130473K [0x0000000080000000, 0x0000000100000000)
  region size 1024K, 8 young (8192K), 8 survivors (8192K)
 Metaspace       used 117300K, capacity 120843K, committed 121104K, reserved 1155072K
  class space    used 14980K, capacity 16327K, committed 16352K, reserved 1048576K
}

Deoptimization events (20 events):
Event: 1331.226 Thread 0x000001b87e2b3000 Uncommon trap: trap_request=0xffffffc6 fr.pc=0x000001b86585629c relative=0x0000000000000f9c
Event: 1331.226 Thread 0x000001b87e2b3000 Uncommon trap: reason=bimorphic_or_optimized_type_check action=maybe_recompile pc=0x000001b86585629c method=org.gradle.internal.fingerprint.impl.DefaultFileCollectionSnapshotter$SnapshottingVisitor.visitCollection(Lorg/gradle/api/internal/file/FileCollect
Event: 1331.226 Thread 0x000001b87e2b3000 DEOPT PACKING pc=0x000001b86585629c sp=0x0000001192efa580
Event: 1331.226 Thread 0x000001b87e2b3000 DEOPT UNPACKING pc=0x000001b85d5aa1af sp=0x0000001192efa578 mode 2
Event: 1331.329 Thread 0x000001b87e2b3000 DEOPT PACKING pc=0x000001b85e0a7196 sp=0x0000001192ef9860
Event: 1331.329 Thread 0x000001b87e2b3000 DEOPT UNPACKING pc=0x000001b85d5aa95e sp=0x0000001192ef8d78 mode 0
Event: 1331.998 Thread 0x000001b87e2b3000 DEOPT PACKING pc=0x000001b85f00884c sp=0x0000001192efa160
Event: 1331.998 Thread 0x000001b87e2b3000 DEOPT UNPACKING pc=0x000001b85d5aa95e sp=0x0000001192ef9570 mode 0
Event: 1332.097 Thread 0x000001b879d64000 Uncommon trap: trap_request=0xffffffde fr.pc=0x000001b865b37a10 relative=0x00000000000009f0
Event: 1332.097 Thread 0x000001b879d64000 Uncommon trap: reason=class_check action=maybe_recompile pc=0x000001b865b37a10 method=java.io.DataInputStream.readUnsignedShort()I @ 4 c2
Event: 1332.097 Thread 0x000001b879d64000 DEOPT PACKING pc=0x000001b865b37a10 sp=0x00000011973fdf00
Event: 1332.097 Thread 0x000001b879d64000 DEOPT UNPACKING pc=0x000001b85d5aa1af sp=0x00000011973fde28 mode 2
Event: 1332.097 Thread 0x000001b879d64000 Uncommon trap: trap_request=0xffffffde fr.pc=0x000001b865b37a10 relative=0x00000000000009f0
Event: 1332.097 Thread 0x000001b879d64000 Uncommon trap: reason=class_check action=maybe_recompile pc=0x000001b865b37a10 method=java.io.DataInputStream.readUnsignedShort()I @ 4 c2
Event: 1332.097 Thread 0x000001b879d64000 DEOPT PACKING pc=0x000001b865b37a10 sp=0x00000011973fdf00
Event: 1332.097 Thread 0x000001b879d64000 DEOPT UNPACKING pc=0x000001b85d5aa1af sp=0x00000011973fde28 mode 2
Event: 1332.511 Thread 0x000001b87d8fb800 Uncommon trap: trap_request=0xffffff4d fr.pc=0x000001b865d0f8d8 relative=0x0000000000000678
Event: 1332.511 Thread 0x000001b87d8fb800 Uncommon trap: reason=unstable_if action=reinterpret pc=0x000001b865d0f8d8 method=java.util.zip.DeflaterOutputStream.deflate()V @ 19 c2
Event: 1332.511 Thread 0x000001b87d8fb800 DEOPT PACKING pc=0x000001b865d0f8d8 sp=0x0000001197efedf0
Event: 1332.511 Thread 0x000001b87d8fb800 DEOPT UNPACKING pc=0x000001b85d5aa1af sp=0x0000001197efede8 mode 2

Classes redefined (0 events):
No events

Internal exceptions (20 events):
Event: 1265.783 Thread 0x000001b8758de000 Exception <a 'sun/nio/fs/WindowsException'{0x000000008b2f5438}> (0x000000008b2f5438) thrown at [./src/hotspot/share/prims/jni.cpp, line 615]
Event: 1266.000 Thread 0x000001b8758de000 Exception <a 'sun/nio/fs/WindowsException'{0x000000008add7ea0}> (0x000000008add7ea0) thrown at [./src/hotspot/share/prims/jni.cpp, line 615]
Event: 1266.934 Thread 0x000001b87e2ae000 Exception <a 'sun/nio/fs/WindowsException'{0x000000009052c220}> (0x000000009052c220) thrown at [./src/hotspot/share/prims/jni.cpp, line 615]
Event: 1267.090 Thread 0x000001b87e2ae000 Exception <a 'sun/nio/fs/WindowsException'{0x0000000090271060}> (0x0000000090271060) thrown at [./src/hotspot/share/prims/jni.cpp, line 615]
Event: 1267.320 Thread 0x000001b87e2b4000 Exception <a 'sun/nio/fs/WindowsException'{0x000000008fe5ddf0}> (0x000000008fe5ddf0) thrown at [./src/hotspot/share/prims/jni.cpp, line 615]
Event: 1267.457 Thread 0x000001b87e2b4000 Exception <a 'sun/nio/fs/WindowsException'{0x000000008f971930}> (0x000000008f971930) thrown at [./src/hotspot/share/prims/jni.cpp, line 615]
Event: 1268.373 Thread 0x000001b87995c000 Exception <a 'sun/nio/fs/WindowsException'{0x0000000091474638}> (0x0000000091474638) thrown at [./src/hotspot/share/prims/jni.cpp, line 615]
Event: 1268.373 Thread 0x000001b87995c000 Exception <a 'sun/nio/fs/WindowsException'{0x00000000914747b0}> (0x00000000914747b0) thrown at [./src/hotspot/share/prims/jni.cpp, line 615]
Event: 1268.373 Thread 0x000001b87995c000 Exception <a 'sun/nio/fs/WindowsException'{0x0000000091476130}> (0x0000000091476130) thrown at [./src/hotspot/share/prims/jni.cpp, line 615]
Event: 1331.254 Thread 0x000001b87e2b3000 Exception <a 'sun/nio/fs/WindowsException'{0x000000008f8b5ab0}> (0x000000008f8b5ab0) thrown at [./src/hotspot/share/prims/jni.cpp, line 615]
Event: 1331.319 Thread 0x000001b87e2b3000 Exception <a 'java/lang/NoClassDefFoundError'{0x000000008ec6f5d8}: org/jetbrains/kotlin/gradle/plugin/KotlinBasePluginWrapper> (0x000000008ec6f5d8) thrown at [./src/hotspot/share/oops/constantPool.cpp, line 775]
Event: 1331.348 Thread 0x000001b87e2b3000 Exception <a 'sun/nio/fs/WindowsException'{0x000000008ebe9048}> (0x000000008ebe9048) thrown at [./src/hotspot/share/prims/jni.cpp, line 615]
Event: 1331.357 Thread 0x000001b87e2b3000 Exception <a 'sun/nio/fs/WindowsException'{0x000000008ea8b7b8}> (0x000000008ea8b7b8) thrown at [./src/hotspot/share/prims/jni.cpp, line 615]
Event: 1331.357 Thread 0x000001b87e2b3000 Exception <a 'sun/nio/fs/WindowsException'{0x000000008ea8cb08}> (0x000000008ea8cb08) thrown at [./src/hotspot/share/prims/jni.cpp, line 615]
Event: 1331.357 Thread 0x000001b87e2b3000 Exception <a 'sun/nio/fs/WindowsException'{0x000000008ea8dea8}> (0x000000008ea8dea8) thrown at [./src/hotspot/share/prims/jni.cpp, line 615]
Event: 1331.357 Thread 0x000001b87e2b3000 Exception <a 'sun/nio/fs/WindowsException'{0x000000008ea8f248}> (0x000000008ea8f248) thrown at [./src/hotspot/share/prims/jni.cpp, line 615]
Event: 1332.053 Thread 0x000001b87e2b3000 Exception <a 'sun/nio/fs/WindowsException'{0x000000008be8cd10}> (0x000000008be8cd10) thrown at [./src/hotspot/share/prims/jni.cpp, line 615]
Event: 1332.053 Thread 0x000001b87e2b3000 Exception <a 'sun/nio/fs/WindowsException'{0x000000008be8e390}> (0x000000008be8e390) thrown at [./src/hotspot/share/prims/jni.cpp, line 615]
Event: 1332.111 Thread 0x000001b879d64000 Exception <a 'sun/nio/fs/WindowsException'{0x000000008bc50828}> (0x000000008bc50828) thrown at [./src/hotspot/share/prims/jni.cpp, line 615]
Event: 1332.112 Thread 0x000001b879d64000 Exception <a 'sun/nio/fs/WindowsException'{0x000000008bc50930}> (0x000000008bc50930) thrown at [./src/hotspot/share/prims/jni.cpp, line 615]

Events (20 events):
Event: 1332.130 Executing VM operation: RevokeBias done
Event: 1332.133 loading class java/nio/channels/FileChannel$MapMode
Event: 1332.134 loading class java/nio/channels/FileChannel$MapMode done
Event: 1332.134 loading class sun/nio/ch/FileChannelImpl$Unmapper
Event: 1332.134 loading class sun/nio/ch/FileChannelImpl$Unmapper done
Event: 1332.134 loading class sun/nio/ch/Util$4
Event: 1332.134 loading class sun/nio/ch/Util$4 done
Event: 1332.167 Executing VM operation: RevokeBias
Event: 1332.168 Executing VM operation: RevokeBias done
Event: 1332.170 Executing VM operation: BulkRevokeBias
Event: 1332.172 Executing VM operation: BulkRevokeBias done
Event: 1332.431 Loaded shared library C:\Program Files\Android\Android Studio\jre\bin\nio.dll
Event: 1332.434 Loaded shared library C:\Program Files\Android\Android Studio\jre\bin\nio.dll
Event: 1332.530 Executing VM operation: RevokeBias
Event: 1332.530 Executing VM operation: RevokeBias done
Event: 1332.532 Executing VM operation: RevokeBias
Event: 1332.533 Executing VM operation: RevokeBias done
Event: 1332.533 Executing VM operation: RevokeBias
Event: 1332.533 Executing VM operation: RevokeBias done
Event: 1332.587 Thread 0x000001b879968000 Thread exited: 0x000001b879968000


Dynamic libraries:
0x00007ff602a80000 - 0x00007ff602a8a000 	C:\Program Files\Android\Android Studio\jre\bin\java.exe
0x00007ff9e12e0000 - 0x00007ff9e14d0000 	C:\WINDOWS\SYSTEM32\ntdll.dll
0x00007ff9df4b0000 - 0x00007ff9df562000 	C:\WINDOWS\System32\KERNEL32.DLL
0x00007ff9dedf0000 - 0x00007ff9df095000 	C:\WINDOWS\System32\KERNELBASE.dll
0x00007ff9df290000 - 0x00007ff9df38a000 	C:\WINDOWS\System32\ucrtbase.dll
0x00007ff9da010000 - 0x00007ff9da029000 	C:\Program Files\Android\Android Studio\jre\bin\jli.dll
0x00007ff9dfa40000 - 0x00007ff9dfbd4000 	C:\WINDOWS\System32\USER32.dll
0x00007ff9de250000 - 0x00007ff9de271000 	C:\WINDOWS\System32\win32u.dll
0x00007ff9df740000 - 0x00007ff9df766000 	C:\WINDOWS\System32\GDI32.dll
0x00007ff9df0a0000 - 0x00007ff9df236000 	C:\WINDOWS\System32\gdi32full.dll
0x00007ff9deba0000 - 0x00007ff9dec3e000 	C:\WINDOWS\System32\msvcp_win.dll
0x00007ff9d9180000 - 0x00007ff9d9197000 	C:\Program Files\Android\Android Studio\jre\bin\VCRUNTIME140.dll
0x00007ff9ce7f0000 - 0x00007ff9cea74000 	C:\WINDOWS\WinSxS\amd64_microsoft.windows.common-controls_6595b64144ccf1df_6.0.18362.1256_none_9e7e379be45e40e2\COMCTL32.dll
0x00007ff9e0080000 - 0x00007ff9e011e000 	C:\WINDOWS\System32\msvcrt.dll
0x00007ff9e0a90000 - 0x00007ff9e0dc6000 	C:\WINDOWS\System32\combase.dll
0x00007ff9df390000 - 0x00007ff9df4b0000 	C:\WINDOWS\System32\RPCRT4.dll
0x00007ff9de280000 - 0x00007ff9de301000 	C:\WINDOWS\System32\bcryptPrimitives.dll
0x00007ff9e0050000 - 0x00007ff9e007e000 	C:\WINDOWS\System32\IMM32.DLL
0x00007ff9df990000 - 0x00007ff9dfa33000 	C:\WINDOWS\System32\ADVAPI32.dll
0x00007ff9df640000 - 0x00007ff9df6d7000 	C:\WINDOWS\System32\sechost.dll
0x00007ff9e03a0000 - 0x00007ff9e0a87000 	C:\WINDOWS\System32\SHELL32.dll
0x00007ff9df240000 - 0x00007ff9df28a000 	C:\WINDOWS\System32\cfgmgr32.dll
0x00007ff9e0270000 - 0x00007ff9e0319000 	C:\WINDOWS\System32\shcore.dll
0x00007ff9de410000 - 0x00007ff9deb91000 	C:\WINDOWS\System32\windows.storage.dll
0x00007ff9de200000 - 0x00007ff9de223000 	C:\WINDOWS\System32\profapi.dll
0x00007ff9de1b0000 - 0x00007ff9de1fa000 	C:\WINDOWS\System32\powrprof.dll
0x00007ff9de180000 - 0x00007ff9de190000 	C:\WINDOWS\System32\UMPDC.dll
0x00007ff9e1240000 - 0x00007ff9e1292000 	C:\WINDOWS\System32\shlwapi.dll
0x00007ff9de190000 - 0x00007ff9de1a1000 	C:\WINDOWS\System32\kernel.appcore.dll
0x00007ff9de3f0000 - 0x00007ff9de407000 	C:\WINDOWS\System32\cryptsp.dll
0x00007ff9dd1c0000 - 0x00007ff9dd1f1000 	C:\WINDOWS\SYSTEM32\ntmarta.dll
0x00007ff9de060000 - 0x00007ff9de097000 	C:\WINDOWS\SYSTEM32\SspiCli.dll
0x00007ff9ad900000 - 0x00007ff9ad99d000 	C:\Program Files\Android\Android Studio\jre\bin\msvcp140.dll
0x00007ff98d250000 - 0x00007ff98dd35000 	C:\Program Files\Android\Android Studio\jre\bin\server\jvm.dll
0x00007ff9dff60000 - 0x00007ff9dff68000 	C:\WINDOWS\System32\PSAPI.DLL
0x00007ff9c8fa0000 - 0x00007ff9c8fa9000 	C:\WINDOWS\SYSTEM32\WSOCK32.dll
0x00007ff9dfef0000 - 0x00007ff9dff5f000 	C:\WINDOWS\System32\WS2_32.dll
0x00007ff9d9f50000 - 0x00007ff9d9f74000 	C:\WINDOWS\SYSTEM32\WINMM.dll
0x00007ff9c75f0000 - 0x00007ff9c75fa000 	C:\WINDOWS\SYSTEM32\VERSION.dll
0x00007ff9d9f20000 - 0x00007ff9d9f4d000 	C:\WINDOWS\SYSTEM32\WINMMBASE.dll
0x00007ff9d91a0000 - 0x00007ff9d91b1000 	C:\Program Files\Android\Android Studio\jre\bin\verify.dll
0x00007ff9dca30000 - 0x00007ff9dcc24000 	C:\WINDOWS\SYSTEM32\DBGHELP.DLL
0x00007ff9c68e0000 - 0x00007ff9c690a000 	C:\WINDOWS\SYSTEM32\dbgcore.DLL
0x00007ff9d82b0000 - 0x00007ff9d82d9000 	C:\Program Files\Android\Android Studio\jre\bin\java.dll
0x00007ff9d9870000 - 0x00007ff9d987b000 	C:\Program Files\Android\Android Studio\jre\bin\jimage.dll
0x00007ff9d7e80000 - 0x00007ff9d7e98000 	C:\Program Files\Android\Android Studio\jre\bin\zip.dll
0x00007ff9d7dd0000 - 0x00007ff9d7dea000 	C:\Program Files\Android\Android Studio\jre\bin\net.dll
0x00007ff9ce350000 - 0x00007ff9ce440000 	C:\WINDOWS\SYSTEM32\WINHTTP.dll
0x00007ff9dd9d0000 - 0x00007ff9dda37000 	C:\WINDOWS\system32\mswsock.dll
0x00007ff9d7d70000 - 0x00007ff9d7d84000 	C:\Program Files\Android\Android Studio\jre\bin\nio.dll
0x00007ff9d20a0000 - 0x00007ff9d20c7000 	C:\Users\User\.gradle\native\e1d6ef7f7dcc3fd88c89a11ec53ec762bb8ba0a96d01ffa2cd45eb1d1d8dd5c5\windows-amd64\native-platform.dll
0x00007ff9ad7b0000 - 0x00007ff9ad8f4000 	C:\Users\User\.gradle\native\5664cfc778a61ccfe75a443a1ab52a65af34e5dc3c78e0209fed803814484fcb\windows-amd64\native-platform-file-events.dll
0x00007ff9d9120000 - 0x00007ff9d912a000 	C:\Program Files\Android\Android Studio\jre\bin\management.dll
0x00007ff9d7e70000 - 0x00007ff9d7e7d000 	C:\Program Files\Android\Android Studio\jre\bin\management_ext.dll
0x00007ff9dd540000 - 0x00007ff9dd573000 	C:\WINDOWS\system32\rsaenh.dll
0x00007ff9de3c0000 - 0x00007ff9de3e6000 	C:\WINDOWS\System32\bcrypt.dll
0x00007ff9de0a0000 - 0x00007ff9de0c5000 	C:\WINDOWS\SYSTEM32\USERENV.dll
0x00007ff9ddba0000 - 0x00007ff9ddbac000 	C:\WINDOWS\SYSTEM32\CRYPTBASE.dll
0x00007ff9dd6e0000 - 0x00007ff9dd71a000 	C:\WINDOWS\SYSTEM32\IPHLPAPI.DLL
0x00007ff9df8b0000 - 0x00007ff9df8b8000 	C:\WINDOWS\System32\NSI.dll
0x00007ff9d5580000 - 0x00007ff9d5596000 	C:\WINDOWS\SYSTEM32\dhcpcsvc6.DLL
0x00007ff9d5f40000 - 0x00007ff9d5f5c000 	C:\WINDOWS\SYSTEM32\dhcpcsvc.DLL
0x00007ff9dd720000 - 0x00007ff9dd7eb000 	C:\WINDOWS\SYSTEM32\DNSAPI.dll

dbghelp: loaded successfully - version: 4.0.5 - missing functions: none
symbol engine: initialized successfully - sym options: 0x614 - pdb path: .;C:\Program Files\Android\Android Studio\jre\bin;C:\WINDOWS\SYSTEM32;C:\WINDOWS\WinSxS\amd64_microsoft.windows.common-controls_6595b64144ccf1df_6.0.18362.1256_none_9e7e379be45e40e2;C:\Program Files\Android\Android Studio\jre\bin\server;C:\Users\User\.gradle\native\e1d6ef7f7dcc3fd88c89a11ec53ec762bb8ba0a96d01ffa2cd45eb1d1d8dd5c5\windows-amd64;C:\Users\User\.gradle\native\5664cfc778a61ccfe75a443a1ab52a65af34e5dc3c78e0209fed803814484fcb\windows-amd64

VM Arguments:
jvm_args: --add-opens=java.base/java.util=ALL-UNNAMED --add-opens=java.base/java.lang=ALL-UNNAMED --add-opens=java.base/java.lang.invoke=ALL-UNNAMED --add-opens=java.base/java.util=ALL-UNNAMED --add-opens=java.prefs/java.util.prefs=ALL-UNNAMED --add-opens=java.prefs/java.util.prefs=ALL-UNNAMED --add-opens=java.base/java.nio.charset=ALL-UNNAMED --add-opens=java.base/java.net=ALL-UNNAMED --add-opens=java.base/java.util.concurrent.atomic=ALL-UNNAMED -Xmx2048m -Dfile.encoding=UTF-8 -Duser.country=MY -Duser.language=en -Duser.variant 
java_command: org.gradle.launcher.daemon.bootstrap.GradleDaemon 7.3.3
java_class_path (initial): C:\Users\User\.gradle\wrapper\dists\gradle-7.3.3-bin\6a41zxkdtcxs8rphpq6y0069z\gradle-7.3.3\lib\gradle-launcher-7.3.3.jar
Launcher Type: SUN_STANDARD

[Global flags]
     intx CICompilerCount                          = 3                                         {product} {ergonomic}
     uint ConcGCThreads                            = 1                                         {product} {ergonomic}
     uint G1ConcRefinementThreads                  = 4                                         {product} {ergonomic}
   size_t G1HeapRegionSize                         = 1048576                                   {product} {ergonomic}
    uintx GCDrainStackTargetSize                   = 64                                        {product} {ergonomic}
   size_t InitialHeapSize                          = 201326592                                 {product} {ergonomic}
   size_t MarkStackSize                            = 4194304                                   {product} {ergonomic}
   size_t MaxHeapSize                              = 2147483648                                {product} {command line}
   size_t MaxNewSize                               = 1287651328                                {product} {ergonomic}
   size_t MinHeapDeltaBytes                        = 1048576                                   {product} {ergonomic}
    uintx NonNMethodCodeHeapSize                   = 5830732                                {pd product} {ergonomic}
    uintx NonProfiledCodeHeapSize                  = 122913754                              {pd product} {ergonomic}
    uintx ProfiledCodeHeapSize                     = 122913754                              {pd product} {ergonomic}
    uintx ReservedCodeCacheSize                    = 251658240                              {pd product} {ergonomic}
     bool SegmentedCodeCache                       = true                                      {product} {ergonomic}
     bool UseCompressedClassPointers               = true                                 {lp64_product} {ergonomic}
     bool UseCompressedOops                        = true                                 {lp64_product} {ergonomic}
     bool UseG1GC                                  = true                                      {product} {ergonomic}
     bool UseLargePagesIndividualAllocation        = false                                  {pd product} {ergonomic}

Logging:
Log output configuration:
 #0: stdout all=warning uptime,level,tags
 #1: stderr all=off uptime,level,tags

Environment Variables:
JAVA_HOME=C:\Program Files\Java\jdk-18.0.1.1
CLASSPATH=.;C:\PROGRA~1\IBM\SQLLIB\java\db2java.zip;C:\PROGRA~1\IBM\SQLLIB\java\db2jcc.jar;C:\PROGRA~1\IBM\SQLLIB\java\sqlj.zip;C:\PROGRA~1\IBM\SQLLIB\java\DB2JCC~1.JAR;C:\PROGRA~1\IBM\SQLLIB\BIN;C:\PROGRA~1\IBM\SQLLIB\java\Common.jar;C:\Users\User\apache-tomcat-7.0.57\lib;C:\Program Files (x86)\Java\jdk1.7.0_67\lib;
PATH=C:\Program Files\Common Files\Oracle\Java\javapath;C:\oraclexe\app\oracle\product\11.2.0\server\bin;C:\Program Files (x86)\Common Files\Oracle\Java\javapath;C:\ProgramData\Oracle\Java\javapath;C:\Program Files (x86)\Intel\iCLS Client\;C:\Program Files\Intel\iCLS Client\;C:\WINDOWS\system32;C:\WINDOWS;C:\WINDOWS\System32\Wbem;C:\WINDOWS\System32\WindowsPowerShell\v1.0\;C:\Program Files (x86)\Intel\Intel(R) Management Engine Components\DAL;C:\Program Files\Intel\Intel(R) Management Engine Components\DAL;C:\Program Files (x86)\Intel\Intel(R) Management Engine Components\IPT;C:\Program Files\Intel\Intel(R) Management Engine Components\IPT;C:\WINDOWS\System32\OpenSSH\;C:\Program Files\ibm\gsk8\lib64;C:\Program Files (x86)\ibm\gsk8\lib;C:\PROGRA~1\IBM\SQLLIB\BIN;C:\PROGRA~1\IBM\SQLLIB\FUNCTION;C:\PROGRA~1\IBM\SQLLIB\SAMPLES\REPL;C:\Program Files\Intel\WiFi\bin\;C:\Program Files\Common Files\Intel\WirelessCommon\;C:\Users\User\apache-tomcat-7.0.57\bin;C:\Program Files (x86)\Java\jdk1.7.0_67\bin;C:\laragon\bin\php\php-7.2.19-Win32-VC15-x64;C:\ProgramData\ComposerSetup\bin;C:\Program Files\Git\cmd;C:\Program Files\Cloudflare\Cloudflare WARP\;C:\Program Files\Java\jdk-18.0.1.1\bin;C:\Users\User\AppData\Local\Microsoft\WindowsApps;C:\Users\User\AppData\Local\Programs\Microsoft VS Code\bin;C:\Users\User\AppData\Roaming\Composer\vendor\bin;E:\gradle-7.4.2\bin;
USERNAME=fatiey
OS=Windows_NT
PROCESSOR_IDENTIFIER=Intel64 Family 6 Model 142 Stepping 9, GenuineIntel



---------------  S Y S T E M  ---------------

OS: Windows 10 , 64 bit Build 18362 (10.0.18362.1110)
OS uptime: 7 days 17:05 hours

CPU:total 4 (initial active 4) (2 cores per cpu, 2 threads per core) family 6 model 142 stepping 9 microcode 0x8e, cmov, cx8, fxsr, mmx, sse, sse2, sse3, ssse3, sse4.1, sse4.2, popcnt, avx, avx2, aes, clmul, erms, 3dnowpref, lzcnt, ht, tsc, tscinvbit, bmi1, bmi2, adx, fma

Memory: 4k page, system-wide physical 12173M (491M free)
TotalPageFile size 49037M (AvailPageFile size 19M)
current process WorkingSet (physical memory assigned to process): 580M, peak: 610M
current process commit charge ("private bytes"): 700M, peak: 702M

vm_info: OpenJDK 64-Bit Server VM (11.0.12+7-b1504.28-7817840) for windows-amd64 JRE (11.0.12+7-b1504.28-7817840), built on Oct 13 2021 22:12:33 by "builder" with MS VC++ 14.0 (VS2015)

END.
